<?xml version="1.0" encoding="UTF-8"?>
<!-- Generated by org.testng.reporters.JUnitXMLReporter -->
<testsuite hostname="Horseland" ignored="0" name="Default test" tests="6" failures="0" timestamp="2020-06-22T17:31:44 PDT" time="59.092" errors="0">
  <testcase name="verifyAddKPIPageUrl" time="0.015" classname="com.hrm.qa.testcases.KPIPageTest"/>
  <testcase name="verifyEditKPIAdded" time="4.697" classname="com.hrm.qa.testcases.KPIPageTest"/>
  <testcase name="verifyEditKPIAdded" time="4.575" classname="com.hrm.qa.testcases.KPIPageTest"/>
  <testcase name="verifyEditKPIAdded" time="4.593" classname="com.hrm.qa.testcases.KPIPageTest"/>
  <testcase name="verifyEditKPIAdded" time="4.591" classname="com.hrm.qa.testcases.KPIPageTest"/>
  <testcase name="verifyEditKPIAdded" time="4.62" classname="com.hrm.qa.testcases.KPIPageTest"/>
</testsuite> <!-- Default test -->
