<?xml version="1.0" encoding="UTF-8"?>
<!-- Generated by org.testng.reporters.JUnitXMLReporter -->
<testsuite hostname="Horseland" ignored="0" name="NewUsersAndLeaveListTests" tests="3" failures="0" timestamp="2020-06-17T19:35:56 PDT" time="9.895" errors="0">
  <testcase name="validateLoginPageTitle" time="1.182" classname="com.hrm.qa.testcases.LoginPageTest"/>
  <testcase name="validateLogo" time="0.127" classname="com.hrm.qa.testcases.LoginPageTest"/>
  <testcase name="validLogin" time="2.246" classname="com.hrm.qa.testcases.LoginPageTest"/>
</testsuite> <!-- NewUsersAndLeaveListTests -->
