<?xml version="1.0" encoding="UTF-8"?>
<testng-results skipped="0" failed="0" ignored="0" total="6" passed="6">
  <reporter-output>
  </reporter-output>
  <suite name="Default suite" duration-ms="59092" started-at="2020-06-22T17:30:45 PDT" finished-at="2020-06-22T17:31:44 PDT">
    <groups>
    </groups>
    <test name="Default test" duration-ms="59092" started-at="2020-06-22T17:30:45 PDT" finished-at="2020-06-22T17:31:44 PDT">
      <class name="com.hrm.qa.testcases.KPIPageTest">
        <test-method status="PASS" signature="setUp()[pri:0, instance:com.hrm.qa.testcases.KPIPageTest@45820e51]" name="setUp" is-config="true" duration-ms="9044" started-at="2020-06-22T17:30:45 PDT" finished-at="2020-06-22T17:30:54 PDT">
          <reporter-output>
          </reporter-output>
        </test-method> <!-- setUp -->
        <test-method status="PASS" signature="goToKPITab()[pri:0, instance:com.hrm.qa.testcases.KPIPageTest@45820e51]" name="goToKPITab" is-config="true" duration-ms="3365" started-at="2020-06-22T17:30:54 PDT" finished-at="2020-06-22T17:30:57 PDT">
          <reporter-output>
          </reporter-output>
        </test-method> <!-- goToKPITab -->
        <test-method status="PASS" signature="verifyAddKPIPageUrl()[pri:1, instance:com.hrm.qa.testcases.KPIPageTest@45820e51]" name="verifyAddKPIPageUrl" duration-ms="15" started-at="2020-06-22T17:30:57 PDT" finished-at="2020-06-22T17:30:57 PDT">
          <reporter-output>
          </reporter-output>
        </test-method> <!-- verifyAddKPIPageUrl -->
        <test-method status="PASS" signature="goBackToDashboardPage()[pri:0, instance:com.hrm.qa.testcases.KPIPageTest@45820e51]" name="goBackToDashboardPage" is-config="true" duration-ms="1367" started-at="2020-06-22T17:30:57 PDT" finished-at="2020-06-22T17:30:59 PDT">
          <reporter-output>
          </reporter-output>
        </test-method> <!-- goBackToDashboardPage -->
        <test-method status="PASS" signature="goToKPITab()[pri:0, instance:com.hrm.qa.testcases.KPIPageTest@45820e51]" name="goToKPITab" is-config="true" duration-ms="2818" started-at="2020-06-22T17:30:59 PDT" finished-at="2020-06-22T17:31:02 PDT">
          <reporter-output>
          </reporter-output>
        </test-method> <!-- goToKPITab -->
        <test-method status="PASS" signature="verifyEditKPIAdded(java.lang.String)[pri:2, instance:com.hrm.qa.testcases.KPIPageTest@45820e51]" name="verifyEditKPIAdded" duration-ms="4697" started-at="2020-06-22T17:31:02 PDT" data-provider="getDataFromExcelFile" finished-at="2020-06-22T17:31:07 PDT">
          <params>
            <param index="0">
              <value>
                <![CDATA[Account Clerk KPI]]>
              </value>
            </param>
          </params>
          <reporter-output>
          </reporter-output>
        </test-method> <!-- verifyEditKPIAdded -->
        <test-method status="PASS" signature="goBackToDashboardPage()[pri:0, instance:com.hrm.qa.testcases.KPIPageTest@45820e51]" name="goBackToDashboardPage" is-config="true" duration-ms="1283" started-at="2020-06-22T17:31:07 PDT" finished-at="2020-06-22T17:31:08 PDT">
          <reporter-output>
          </reporter-output>
        </test-method> <!-- goBackToDashboardPage -->
        <test-method status="PASS" signature="goToKPITab()[pri:0, instance:com.hrm.qa.testcases.KPIPageTest@45820e51]" name="goToKPITab" is-config="true" duration-ms="2726" started-at="2020-06-22T17:31:08 PDT" finished-at="2020-06-22T17:31:11 PDT">
          <reporter-output>
          </reporter-output>
        </test-method> <!-- goToKPITab -->
        <test-method status="PASS" signature="verifyEditKPIAdded(java.lang.String)[pri:2, instance:com.hrm.qa.testcases.KPIPageTest@45820e51]" name="verifyEditKPIAdded" duration-ms="4575" started-at="2020-06-22T17:31:11 PDT" data-provider="getDataFromExcelFile" finished-at="2020-06-22T17:31:15 PDT">
          <params>
            <param index="0">
              <value>
                <![CDATA[Finance KPI]]>
              </value>
            </param>
          </params>
          <reporter-output>
          </reporter-output>
        </test-method> <!-- verifyEditKPIAdded -->
        <test-method status="PASS" signature="goBackToDashboardPage()[pri:0, instance:com.hrm.qa.testcases.KPIPageTest@45820e51]" name="goBackToDashboardPage" is-config="true" duration-ms="1374" started-at="2020-06-22T17:31:15 PDT" finished-at="2020-06-22T17:31:17 PDT">
          <reporter-output>
          </reporter-output>
        </test-method> <!-- goBackToDashboardPage -->
        <test-method status="PASS" signature="goToKPITab()[pri:0, instance:com.hrm.qa.testcases.KPIPageTest@45820e51]" name="goToKPITab" is-config="true" duration-ms="2816" started-at="2020-06-22T17:31:17 PDT" finished-at="2020-06-22T17:31:20 PDT">
          <reporter-output>
          </reporter-output>
        </test-method> <!-- goToKPITab -->
        <test-method status="PASS" signature="verifyEditKPIAdded(java.lang.String)[pri:2, instance:com.hrm.qa.testcases.KPIPageTest@45820e51]" name="verifyEditKPIAdded" duration-ms="4593" started-at="2020-06-22T17:31:20 PDT" data-provider="getDataFromExcelFile" finished-at="2020-06-22T17:31:24 PDT">
          <params>
            <param index="0">
              <value>
                <![CDATA[HR Manager KPI]]>
              </value>
            </param>
          </params>
          <reporter-output>
          </reporter-output>
        </test-method> <!-- verifyEditKPIAdded -->
        <test-method status="PASS" signature="goBackToDashboardPage()[pri:0, instance:com.hrm.qa.testcases.KPIPageTest@45820e51]" name="goBackToDashboardPage" is-config="true" duration-ms="1335" started-at="2020-06-22T17:31:24 PDT" finished-at="2020-06-22T17:31:26 PDT">
          <reporter-output>
          </reporter-output>
        </test-method> <!-- goBackToDashboardPage -->
        <test-method status="PASS" signature="goToKPITab()[pri:0, instance:com.hrm.qa.testcases.KPIPageTest@45820e51]" name="goToKPITab" is-config="true" duration-ms="2789" started-at="2020-06-22T17:31:26 PDT" finished-at="2020-06-22T17:31:28 PDT">
          <reporter-output>
          </reporter-output>
        </test-method> <!-- goToKPITab -->
        <test-method status="PASS" signature="verifyEditKPIAdded(java.lang.String)[pri:2, instance:com.hrm.qa.testcases.KPIPageTest@45820e51]" name="verifyEditKPIAdded" duration-ms="4591" started-at="2020-06-22T17:31:28 PDT" data-provider="getDataFromExcelFile" finished-at="2020-06-22T17:31:33 PDT">
          <params>
            <param index="0">
              <value>
                <![CDATA[IT Manager KPI]]>
              </value>
            </param>
          </params>
          <reporter-output>
          </reporter-output>
        </test-method> <!-- verifyEditKPIAdded -->
        <test-method status="PASS" signature="goBackToDashboardPage()[pri:0, instance:com.hrm.qa.testcases.KPIPageTest@45820e51]" name="goBackToDashboardPage" is-config="true" duration-ms="1396" started-at="2020-06-22T17:31:33 PDT" finished-at="2020-06-22T17:31:34 PDT">
          <reporter-output>
          </reporter-output>
        </test-method> <!-- goBackToDashboardPage -->
        <test-method status="PASS" signature="goToKPITab()[pri:0, instance:com.hrm.qa.testcases.KPIPageTest@45820e51]" name="goToKPITab" is-config="true" duration-ms="2801" started-at="2020-06-22T17:31:34 PDT" finished-at="2020-06-22T17:31:37 PDT">
          <reporter-output>
          </reporter-output>
        </test-method> <!-- goToKPITab -->
        <test-method status="PASS" signature="verifyEditKPIAdded(java.lang.String)[pri:2, instance:com.hrm.qa.testcases.KPIPageTest@45820e51]" name="verifyEditKPIAdded" duration-ms="4620" started-at="2020-06-22T17:31:37 PDT" data-provider="getDataFromExcelFile" finished-at="2020-06-22T17:31:42 PDT">
          <params>
            <param index="0">
              <value>
                <![CDATA[Sales Manager KPI]]>
              </value>
            </param>
          </params>
          <reporter-output>
          </reporter-output>
        </test-method> <!-- verifyEditKPIAdded -->
        <test-method status="PASS" signature="goBackToDashboardPage()[pri:0, instance:com.hrm.qa.testcases.KPIPageTest@45820e51]" name="goBackToDashboardPage" is-config="true" duration-ms="1347" started-at="2020-06-22T17:31:42 PDT" finished-at="2020-06-22T17:31:43 PDT">
          <reporter-output>
          </reporter-output>
        </test-method> <!-- goBackToDashboardPage -->
        <test-method status="PASS" signature="tearDown()[pri:0, instance:com.hrm.qa.testcases.KPIPageTest@45820e51]" name="tearDown" is-config="true" duration-ms="696" started-at="2020-06-22T17:31:43 PDT" finished-at="2020-06-22T17:31:44 PDT">
          <reporter-output>
          </reporter-output>
        </test-method> <!-- tearDown -->
      </class> <!-- com.hrm.qa.testcases.KPIPageTest -->
    </test> <!-- Default test -->
  </suite> <!-- Default suite -->
</testng-results>
