<?xml version="1.0" encoding="UTF-8"?>
<!-- Generated by org.testng.reporters.JUnitReportReporter -->
<testsuite skipped="3" hostname="Horseland" name="com.hrm.qa.testcases.ConfigureNewHolidaysTest" tests="4" failures="0" timestamp="2020-06-17T19:16:05 PDT" time="0.014" errors="1">
  <testcase name="launchBrowser" time="0.014" classname="com.hrm.qa.testcases.ConfigureNewHolidaysTest">
    <error type="java.lang.StackOverflowError">
      <![CDATA[java.lang.StackOverflowError
at com.hrm.qa.testcases.ConfigureNewHolidaysTest.launchBrowser(ConfigureNewHolidaysTest.java:32)
at com.hrm.qa.testcases.ConfigureNewHolidaysTest.launchBrowser(ConfigureNewHolidaysTest.java:32)
at com.hrm.qa.testcases.ConfigureNewHolidaysTest.launchBrowser(ConfigureNewHolidaysTest.java:32)
at com.hrm.qa.testcases.ConfigureNewHolidaysTest.launchBrowser(ConfigureNewHolidaysTest.java:32)
at com.hrm.qa.testcases.ConfigureNewHolidaysTest.launchBrowser(ConfigureNewHolidaysTest.java:32)
at com.hrm.qa.testcases.ConfigureNewHolidaysTest.launchBrowser(ConfigureNewHolidaysTest.java:32)
at com.hrm.qa.testcases.ConfigureNewHolidaysTest.launchBrowser(ConfigureNewHolidaysTest.java:32)
at com.hrm.qa.testcases.ConfigureNewHolidaysTest.launchBrowser(ConfigureNewHolidaysTest.java:32)
at com.hrm.qa.testcases.ConfigureNewHolidaysTest.launchBrowser(ConfigureNewHolidaysTest.java:32)
at com.hrm.qa.testcases.ConfigureNewHolidaysTest.launchBrowser(ConfigureNewHolidaysTest.java:32)
at com.hrm.qa.testcases.ConfigureNewHolidaysTest.launchBrowser(ConfigureNewHolidaysTest.java:32)
at com.hrm.qa.testcases.ConfigureNewHolidaysTest.launchBrowser(ConfigureNewHolidaysTest.java:32)
at com.hrm.qa.testcases.ConfigureNewHolidaysTest.launchBrowser(ConfigureNewHolidaysTest.java:32)
at com.hrm.qa.testcases.ConfigureNewHolidaysTest.launchBrowser(ConfigureNewHolidaysTest.java:32)
at com.hrm.qa.testcases.ConfigureNewHolidaysTest.launchBrowser(ConfigureNewHolidaysTest.java:32)
at com.hrm.qa.testcases.ConfigureNewHolidaysTest.launchBrowser(ConfigureNewHolidaysTest.java:32)
at com.hrm.qa.testcases.ConfigureNewHolidaysTest.launchBrowser(ConfigureNewHolidaysTest.java:32)
at com.hrm.qa.testcases.ConfigureNewHolidaysTest.launchBrowser(ConfigureNewHolidaysTest.java:32)
at com.hrm.qa.testcases.ConfigureNewHolidaysTest.launchBrowser(ConfigureNewHolidaysTest.java:32)
at com.hrm.qa.testcases.ConfigureNewHolidaysTest.launchBrowser(ConfigureNewHolidaysTest.java:32)
at com.hrm.qa.testcases.ConfigureNewHolidaysTest.launchBrowser(ConfigureNewHolidaysTest.java:32)
at com.hrm.qa.testcases.ConfigureNewHolidaysTest.launchBrowser(ConfigureNewHolidaysTest.java:32)
at com.hrm.qa.testcases.ConfigureNewHolidaysTest.launchBrowser(ConfigureNewHolidaysTest.java:32)
at com.hrm.qa.testcases.ConfigureNewHolidaysTest.launchBrowser(ConfigureNewHolidaysTest.java:32)
at com.hrm.qa.testcases.ConfigureNewHolidaysTest.launchBrowser(ConfigureNewHolidaysTest.java:32)
at com.hrm.qa.testcases.ConfigureNewHolidaysTest.launchBrowser(ConfigureNewHolidaysTest.java:32)
at com.hrm.qa.testcases.ConfigureNewHolidaysTest.launchBrowser(ConfigureNewHolidaysTest.java:32)
at com.hrm.qa.testcases.ConfigureNewHolidaysTest.launchBrowser(ConfigureNewHolidaysTest.java:32)
at com.hrm.qa.testcases.ConfigureNewHolidaysTest.launchBrowser(ConfigureNewHolidaysTest.java:32)
at com.hrm.qa.testcases.ConfigureNewHolidaysTest.launchBrowser(ConfigureNewHolidaysTest.java:32)
at com.hrm.qa.testcases.ConfigureNewHolidaysTest.launchBrowser(ConfigureNewHolidaysTest.java:32)
at com.hrm.qa.testcases.ConfigureNewHolidaysTest.launchBrowser(ConfigureNewHolidaysTest.java:32)
at com.hrm.qa.testcases.ConfigureNewHolidaysTest.launchBrowser(ConfigureNewHolidaysTest.java:32)
at com.hrm.qa.testcases.ConfigureNewHolidaysTest.launchBrowser(ConfigureNewHolidaysTest.java:32)
at com.hrm.qa.testcases.ConfigureNewHolidaysTest.launchBrowser(ConfigureNewHolidaysTest.java:32)
at com.hrm.qa.testcases.ConfigureNewHolidaysTest.launchBrowser(ConfigureNewHolidaysTest.java:32)
at com.hrm.qa.testcases.ConfigureNewHolidaysTest.launchBrowser(ConfigureNewHolidaysTest.java:32)
at com.hrm.qa.testcases.ConfigureNewHolidaysTest.launchBrowser(ConfigureNewHolidaysTest.java:32)
at com.hrm.qa.testcases.ConfigureNewHolidaysTest.launchBrowser(ConfigureNewHolidaysTest.java:32)
at com.hrm.qa.testcases.ConfigureNewHolidaysTest.launchBrowser(ConfigureNewHolidaysTest.java:32)
at com.hrm.qa.testcases.ConfigureNewHolidaysTest.launchBrowser(ConfigureNewHolidaysTest.java:32)
at com.hrm.qa.testcases.ConfigureNewHolidaysTest.launchBrowser(ConfigureNewHolidaysTest.java:32)
at com.hrm.qa.testcases.ConfigureNewHolidaysTest.launchBrowser(ConfigureNewHolidaysTest.java:32)
at com.hrm.qa.testcases.ConfigureNewHolidaysTest.launchBrowser(ConfigureNewHolidaysTest.java:32)
at com.hrm.qa.testcases.ConfigureNewHolidaysTest.launchBrowser(ConfigureNewHolidaysTest.java:32)
at com.hrm.qa.testcases.ConfigureNewHolidaysTest.launchBrowser(ConfigureNewHolidaysTest.java:32)
at com.hrm.qa.testcases.ConfigureNewHolidaysTest.launchBrowser(ConfigureNewHolidaysTest.java:32)
at com.hrm.qa.testcases.ConfigureNewHolidaysTest.launchBrowser(ConfigureNewHolidaysTest.java:32)
at com.hrm.qa.testcases.ConfigureNewHolidaysTest.launchBrowser(ConfigureNewHolidaysTest.java:32)
at com.hrm.qa.testcases.ConfigureNewHolidaysTest.launchBrowser(ConfigureNewHolidaysTest.java:32)
at com.hrm.qa.testcases.ConfigureNewHolidaysTest.launchBrowser(ConfigureNewHolidaysTest.java:32)
at com.hrm.qa.testcases.ConfigureNewHolidaysTest.launchBrowser(ConfigureNewHolidaysTest.java:32)
at com.hrm.qa.testcases.ConfigureNewHolidaysTest.launchBrowser(ConfigureNewHolidaysTest.java:32)
at com.hrm.qa.testcases.ConfigureNewHolidaysTest.launchBrowser(ConfigureNewHolidaysTest.java:32)
at com.hrm.qa.testcases.ConfigureNewHolidaysTest.launchBrowser(ConfigureNewHolidaysTest.java:32)
at com.hrm.qa.testcases.ConfigureNewHolidaysTest.launchBrowser(ConfigureNewHolidaysTest.java:32)
at com.hrm.qa.testcases.ConfigureNewHolidaysTest.launchBrowser(ConfigureNewHolidaysTest.java:32)
at com.hrm.qa.testcases.ConfigureNewHolidaysTest.launchBrowser(ConfigureNewHolidaysTest.java:32)
at com.hrm.qa.testcases.ConfigureNewHolidaysTest.launchBrowser(ConfigureNewHolidaysTest.java:32)
at com.hrm.qa.testcases.ConfigureNewHolidaysTest.launchBrowser(ConfigureNewHolidaysTest.java:32)
at com.hrm.qa.testcases.ConfigureNewHolidaysTest.launchBrowser(ConfigureNewHolidaysTest.java:32)
at com.hrm.qa.testcases.ConfigureNewHolidaysTest.launchBrowser(ConfigureNewHolidaysTest.java:32)
at com.hrm.qa.testcases.ConfigureNewHolidaysTest.launchBrowser(ConfigureNewHolidaysTest.java:32)
at com.hrm.qa.testcases.ConfigureNewHolidaysTest.launchBrowser(ConfigureNewHolidaysTest.java:32)
at com.hrm.qa.testcases.ConfigureNewHolidaysTest.launchBrowser(ConfigureNewHolidaysTest.java:32)
at com.hrm.qa.testcases.ConfigureNewHolidaysTest.launchBrowser(ConfigureNewHolidaysTest.java:32)
at com.hrm.qa.testcases.ConfigureNewHolidaysTest.launchBrowser(ConfigureNewHolidaysTest.java:32)
at com.hrm.qa.testcases.ConfigureNewHolidaysTest.launchBrowser(ConfigureNewHolidaysTest.java:32)
at com.hrm.qa.testcases.ConfigureNewHolidaysTest.launchBrowser(ConfigureNewHolidaysTest.java:32)
at com.hrm.qa.testcases.ConfigureNewHolidaysTest.launchBrowser(ConfigureNewHolidaysTest.java:32)
at com.hrm.qa.testcases.ConfigureNewHolidaysTest.launchBrowser(ConfigureNewHolidaysTest.java:32)
at com.hrm.qa.testcases.ConfigureNewHolidaysTest.launchBrowser(ConfigureNewHolidaysTest.java:32)
at com.hrm.qa.testcases.ConfigureNewHolidaysTest.launchBrowser(ConfigureNewHolidaysTest.java:32)
at com.hrm.qa.testcases.ConfigureNewHolidaysTest.launchBrowser(ConfigureNewHolidaysTest.java:32)
at com.hrm.qa.testcases.ConfigureNewHolidaysTest.launchBrowser(ConfigureNewHolidaysTest.java:32)
at com.hrm.qa.testcases.ConfigureNewHolidaysTest.launchBrowser(ConfigureNewHolidaysTest.java:32)
at com.hrm.qa.testcases.ConfigureNewHolidaysTest.launchBrowser(ConfigureNewHolidaysTest.java:32)
at com.hrm.qa.testcases.ConfigureNewHolidaysTest.launchBrowser(ConfigureNewHolidaysTest.java:32)
at com.hrm.qa.testcases.ConfigureNewHolidaysTest.launchBrowser(ConfigureNewHolidaysTest.java:32)
at com.hrm.qa.testcases.ConfigureNewHolidaysTest.launchBrowser(ConfigureNewHolidaysTest.java:32)
at com.hrm.qa.testcases.ConfigureNewHolidaysTest.launchBrowser(ConfigureNewHolidaysTest.java:32)
at com.hrm.qa.testcases.ConfigureNewHolidaysTest.launchBrowser(ConfigureNewHolidaysTest.java:32)
at com.hrm.qa.testcases.ConfigureNewHolidaysTest.launchBrowser(ConfigureNewHolidaysTest.java:32)
at com.hrm.qa.testcases.ConfigureNewHolidaysTest.launchBrowser(ConfigureNewHolidaysTest.java:32)
at com.hrm.qa.testcases.ConfigureNewHolidaysTest.launchBrowser(ConfigureNewHolidaysTest.java:32)
at com.hrm.qa.testcases.ConfigureNewHolidaysTest.launchBrowser(ConfigureNewHolidaysTest.java:32)
at com.hrm.qa.testcases.ConfigureNewHolidaysTest.launchBrowser(ConfigureNewHolidaysTest.java:32)
at com.hrm.qa.testcases.ConfigureNewHolidaysTest.launchBrowser(ConfigureNewHolidaysTest.java:32)
at com.hrm.qa.testcases.ConfigureNewHolidaysTest.launchBrowser(ConfigureNewHolidaysTest.java:32)
at com.hrm.qa.testcases.ConfigureNewHolidaysTest.launchBrowser(ConfigureNewHolidaysTest.java:32)
at com.hrm.qa.testcases.ConfigureNewHolidaysTest.launchBrowser(ConfigureNewHolidaysTest.java:32)
at com.hrm.qa.testcases.ConfigureNewHolidaysTest.launchBrowser(ConfigureNewHolidaysTest.java:32)
at com.hrm.qa.testcases.ConfigureNewHolidaysTest.launchBrowser(ConfigureNewHolidaysTest.java:32)
at com.hrm.qa.testcases.ConfigureNewHolidaysTest.launchBrowser(ConfigureNewHolidaysTest.java:32)
at com.hrm.qa.testcases.ConfigureNewHolidaysTest.launchBrowser(ConfigureNewHolidaysTest.java:32)
at com.hrm.qa.testcases.ConfigureNewHolidaysTest.launchBrowser(ConfigureNewHolidaysTest.java:32)
at com.hrm.qa.testcases.ConfigureNewHolidaysTest.launchBrowser(ConfigureNewHolidaysTest.java:32)
at com.hrm.qa.testcases.ConfigureNewHolidaysTest.launchBrowser(ConfigureNewHolidaysTest.java:32)
at com.hrm.qa.testcases.ConfigureNewHolidaysTest.launchBrowser(ConfigureNewHolidaysTest.java:32)
at com.hrm.qa.testcases.ConfigureNewHolidaysTest.launchBrowser(ConfigureNewHolidaysTest.java:32)
at com.hrm.qa.testcases.ConfigureNewHolidaysTest.launchBrowser(ConfigureNewHolidaysTest.java:32)
at com.hrm.qa.testcases.ConfigureNewHolidaysTest.launchBrowser(ConfigureNewHolidaysTest.java:32)
at com.hrm.qa.testcases.ConfigureNewHolidaysTest.launchBrowser(ConfigureNewHolidaysTest.java:32)
at com.hrm.qa.testcases.ConfigureNewHolidaysTest.launchBrowser(ConfigureNewHolidaysTest.java:32)
at com.hrm.qa.testcases.ConfigureNewHolidaysTest.launchBrowser(ConfigureNewHolidaysTest.java:32)
at com.hrm.qa.testcases.ConfigureNewHolidaysTest.launchBrowser(ConfigureNewHolidaysTest.java:32)
at com.hrm.qa.testcases.ConfigureNewHolidaysTest.launchBrowser(ConfigureNewHolidaysTest.java:32)
at com.hrm.qa.testcases.ConfigureNewHolidaysTest.launchBrowser(ConfigureNewHolidaysTest.java:32)
at com.hrm.qa.testcases.ConfigureNewHolidaysTest.launchBrowser(ConfigureNewHolidaysTest.java:32)
at com.hrm.qa.testcases.ConfigureNewHolidaysTest.launchBrowser(ConfigureNewHolidaysTest.java:32)
at com.hrm.qa.testcases.ConfigureNewHolidaysTest.launchBrowser(ConfigureNewHolidaysTest.java:32)
at com.hrm.qa.testcases.ConfigureNewHolidaysTest.launchBrowser(ConfigureNewHolidaysTest.java:32)
at com.hrm.qa.testcases.ConfigureNewHolidaysTest.launchBrowser(ConfigureNewHolidaysTest.java:32)
at com.hrm.qa.testcases.ConfigureNewHolidaysTest.launchBrowser(ConfigureNewHolidaysTest.java:32)
at com.hrm.qa.testcases.ConfigureNewHolidaysTest.launchBrowser(ConfigureNewHolidaysTest.java:32)
at com.hrm.qa.testcases.ConfigureNewHolidaysTest.launchBrowser(ConfigureNewHolidaysTest.java:32)
at com.hrm.qa.testcases.ConfigureNewHolidaysTest.launchBrowser(ConfigureNewHolidaysTest.java:32)
at com.hrm.qa.testcases.ConfigureNewHolidaysTest.launchBrowser(ConfigureNewHolidaysTest.java:32)
at com.hrm.qa.testcases.ConfigureNewHolidaysTest.launchBrowser(ConfigureNewHolidaysTest.java:32)
at com.hrm.qa.testcases.ConfigureNewHolidaysTest.launchBrowser(ConfigureNewHolidaysTest.java:32)
at com.hrm.qa.testcases.ConfigureNewHolidaysTest.launchBrowser(ConfigureNewHolidaysTest.java:32)
at com.hrm.qa.testcases.ConfigureNewHolidaysTest.launchBrowser(ConfigureNewHolidaysTest.java:32)
at com.hrm.qa.testcases.ConfigureNewHolidaysTest.launchBrowser(ConfigureNewHolidaysTest.java:32)
at com.hrm.qa.testcases.ConfigureNewHolidaysTest.launchBrowser(ConfigureNewHolidaysTest.java:32)
at com.hrm.qa.testcases.ConfigureNewHolidaysTest.launchBrowser(ConfigureNewHolidaysTest.java:32)
at com.hrm.qa.testcases.ConfigureNewHolidaysTest.launchBrowser(ConfigureNewHolidaysTest.java:32)
at com.hrm.qa.testcases.ConfigureNewHolidaysTest.launchBrowser(ConfigureNewHolidaysTest.java:32)
at com.hrm.qa.testcases.ConfigureNewHolidaysTest.launchBrowser(ConfigureNewHolidaysTest.java:32)
at com.hrm.qa.testcases.ConfigureNewHolidaysTest.launchBrowser(ConfigureNewHolidaysTest.java:32)
at com.hrm.qa.testcases.ConfigureNewHolidaysTest.launchBrowser(ConfigureNewHolidaysTest.java:32)
at com.hrm.qa.testcases.ConfigureNewHolidaysTest.launchBrowser(ConfigureNewHolidaysTest.java:32)
at com.hrm.qa.testcases.ConfigureNewHolidaysTest.launchBrowser(ConfigureNewHolidaysTest.java:32)
at com.hrm.qa.testcases.ConfigureNewHolidaysTest.launchBrowser(ConfigureNewHolidaysTest.java:32)
at com.hrm.qa.testcases.ConfigureNewHolidaysTest.launchBrowser(ConfigureNewHolidaysTest.java:32)
at com.hrm.qa.testcases.ConfigureNewHolidaysTest.launchBrowser(ConfigureNewHolidaysTest.java:32)
at com.hrm.qa.testcases.ConfigureNewHolidaysTest.launchBrowser(ConfigureNewHolidaysTest.java:32)
at com.hrm.qa.testcases.ConfigureNewHolidaysTest.launchBrowser(ConfigureNewHolidaysTest.java:32)
at com.hrm.qa.testcases.ConfigureNewHolidaysTest.launchBrowser(ConfigureNewHolidaysTest.java:32)
at com.hrm.qa.testcases.ConfigureNewHolidaysTest.launchBrowser(ConfigureNewHolidaysTest.java:32)
at com.hrm.qa.testcases.ConfigureNewHolidaysTest.launchBrowser(ConfigureNewHolidaysTest.java:32)
at com.hrm.qa.testcases.ConfigureNewHolidaysTest.launchBrowser(ConfigureNewHolidaysTest.java:32)
at com.hrm.qa.testcases.ConfigureNewHolidaysTest.launchBrowser(ConfigureNewHolidaysTest.java:32)
at com.hrm.qa.testcases.ConfigureNewHolidaysTest.launchBrowser(ConfigureNewHolidaysTest.java:32)
at com.hrm.qa.testcases.ConfigureNewHolidaysTest.launchBrowser(ConfigureNewHolidaysTest.java:32)
at com.hrm.qa.testcases.ConfigureNewHolidaysTest.launchBrowser(ConfigureNewHolidaysTest.java:32)
at com.hrm.qa.testcases.ConfigureNewHolidaysTest.launchBrowser(ConfigureNewHolidaysTest.java:32)
at com.hrm.qa.testcases.ConfigureNewHolidaysTest.launchBrowser(ConfigureNewHolidaysTest.java:32)
at com.hrm.qa.testcases.ConfigureNewHolidaysTest.launchBrowser(ConfigureNewHolidaysTest.java:32)
at com.hrm.qa.testcases.ConfigureNewHolidaysTest.launchBrowser(ConfigureNewHolidaysTest.java:32)
at com.hrm.qa.testcases.ConfigureNewHolidaysTest.launchBrowser(ConfigureNewHolidaysTest.java:32)
at com.hrm.qa.testcases.ConfigureNewHolidaysTest.launchBrowser(ConfigureNewHolidaysTest.java:32)
at com.hrm.qa.testcases.ConfigureNewHolidaysTest.launchBrowser(ConfigureNewHolidaysTest.java:32)
at com.hrm.qa.testcases.ConfigureNewHolidaysTest.launchBrowser(ConfigureNewHolidaysTest.java:32)
at com.hrm.qa.testcases.ConfigureNewHolidaysTest.launchBrowser(ConfigureNewHolidaysTest.java:32)
at com.hrm.qa.testcases.ConfigureNewHolidaysTest.launchBrowser(ConfigureNewHolidaysTest.java:32)
at com.hrm.qa.testcases.ConfigureNewHolidaysTest.launchBrowser(ConfigureNewHolidaysTest.java:32)
at com.hrm.qa.testcases.ConfigureNewHolidaysTest.launchBrowser(ConfigureNewHolidaysTest.java:32)
at com.hrm.qa.testcases.ConfigureNewHolidaysTest.launchBrowser(ConfigureNewHolidaysTest.java:32)
at com.hrm.qa.testcases.ConfigureNewHolidaysTest.launchBrowser(ConfigureNewHolidaysTest.java:32)
at com.hrm.qa.testcases.ConfigureNewHolidaysTest.launchBrowser(ConfigureNewHolidaysTest.java:32)
at com.hrm.qa.testcases.ConfigureNewHolidaysTest.launchBrowser(ConfigureNewHolidaysTest.java:32)
at com.hrm.qa.testcases.ConfigureNewHolidaysTest.launchBrowser(ConfigureNewHolidaysTest.java:32)
at com.hrm.qa.testcases.ConfigureNewHolidaysTest.launchBrowser(ConfigureNewHolidaysTest.java:32)
at com.hrm.qa.testcases.ConfigureNewHolidaysTest.launchBrowser(ConfigureNewHolidaysTest.java:32)
at com.hrm.qa.testcases.ConfigureNewHolidaysTest.launchBrowser(ConfigureNewHolidaysTest.java:32)
at com.hrm.qa.testcases.ConfigureNewHolidaysTest.launchBrowser(ConfigureNewHolidaysTest.java:32)
at com.hrm.qa.testcases.ConfigureNewHolidaysTest.launchBrowser(ConfigureNewHolidaysTest.java:32)
at com.hrm.qa.testcases.ConfigureNewHolidaysTest.launchBrowser(ConfigureNewHolidaysTest.java:32)
at com.hrm.qa.testcases.ConfigureNewHolidaysTest.launchBrowser(ConfigureNewHolidaysTest.java:32)
at com.hrm.qa.testcases.ConfigureNewHolidaysTest.launchBrowser(ConfigureNewHolidaysTest.java:32)
at com.hrm.qa.testcases.ConfigureNewHolidaysTest.launchBrowser(ConfigureNewHolidaysTest.java:32)
at com.hrm.qa.testcases.ConfigureNewHolidaysTest.launchBrowser(ConfigureNewHolidaysTest.java:32)
at com.hrm.qa.testcases.ConfigureNewHolidaysTest.launchBrowser(ConfigureNewHolidaysTest.java:32)
at com.hrm.qa.testcases.ConfigureNewHolidaysTest.launchBrowser(ConfigureNewHolidaysTest.java:32)
at com.hrm.qa.testcases.ConfigureNewHolidaysTest.launchBrowser(ConfigureNewHolidaysTest.java:32)
at com.hrm.qa.testcases.ConfigureNewHolidaysTest.launchBrowser(ConfigureNewHolidaysTest.java:32)
at com.hrm.qa.testcases.ConfigureNewHolidaysTest.launchBrowser(ConfigureNewHolidaysTest.java:32)
at com.hrm.qa.testcases.ConfigureNewHolidaysTest.launchBrowser(ConfigureNewHolidaysTest.java:32)
at com.hrm.qa.testcases.ConfigureNewHolidaysTest.launchBrowser(ConfigureNewHolidaysTest.java:32)
at com.hrm.qa.testcases.ConfigureNewHolidaysTest.launchBrowser(ConfigureNewHolidaysTest.java:32)
at com.hrm.qa.testcases.ConfigureNewHolidaysTest.launchBrowser(ConfigureNewHolidaysTest.java:32)
at com.hrm.qa.testcases.ConfigureNewHolidaysTest.launchBrowser(ConfigureNewHolidaysTest.java:32)
at com.hrm.qa.testcases.ConfigureNewHolidaysTest.launchBrowser(ConfigureNewHolidaysTest.java:32)
at com.hrm.qa.testcases.ConfigureNewHolidaysTest.launchBrowser(ConfigureNewHolidaysTest.java:32)
at com.hrm.qa.testcases.ConfigureNewHolidaysTest.launchBrowser(ConfigureNewHolidaysTest.java:32)
at com.hrm.qa.testcases.ConfigureNewHolidaysTest.launchBrowser(ConfigureNewHolidaysTest.java:32)
at com.hrm.qa.testcases.ConfigureNewHolidaysTest.launchBrowser(ConfigureNewHolidaysTest.java:32)
at com.hrm.qa.testcases.ConfigureNewHolidaysTest.launchBrowser(ConfigureNewHolidaysTest.java:32)
at com.hrm.qa.testcases.ConfigureNewHolidaysTest.launchBrowser(ConfigureNewHolidaysTest.java:32)
at com.hrm.qa.testcases.ConfigureNewHolidaysTest.launchBrowser(ConfigureNewHolidaysTest.java:32)
at com.hrm.qa.testcases.ConfigureNewHolidaysTest.launchBrowser(ConfigureNewHolidaysTest.java:32)
at com.hrm.qa.testcases.ConfigureNewHolidaysTest.launchBrowser(ConfigureNewHolidaysTest.java:32)
at com.hrm.qa.testcases.ConfigureNewHolidaysTest.launchBrowser(ConfigureNewHolidaysTest.java:32)
at com.hrm.qa.testcases.ConfigureNewHolidaysTest.launchBrowser(ConfigureNewHolidaysTest.java:32)
at com.hrm.qa.testcases.ConfigureNewHolidaysTest.launchBrowser(ConfigureNewHolidaysTest.java:32)
at com.hrm.qa.testcases.ConfigureNewHolidaysTest.launchBrowser(ConfigureNewHolidaysTest.java:32)
at com.hrm.qa.testcases.ConfigureNewHolidaysTest.launchBrowser(ConfigureNewHolidaysTest.java:32)
at com.hrm.qa.testcases.ConfigureNewHolidaysTest.launchBrowser(ConfigureNewHolidaysTest.java:32)
at com.hrm.qa.testcases.ConfigureNewHolidaysTest.launchBrowser(ConfigureNewHolidaysTest.java:32)
at com.hrm.qa.testcases.ConfigureNewHolidaysTest.launchBrowser(ConfigureNewHolidaysTest.java:32)
at com.hrm.qa.testcases.ConfigureNewHolidaysTest.launchBrowser(ConfigureNewHolidaysTest.java:32)
at com.hrm.qa.testcases.ConfigureNewHolidaysTest.launchBrowser(ConfigureNewHolidaysTest.java:32)
at com.hrm.qa.testcases.ConfigureNewHolidaysTest.launchBrowser(ConfigureNewHolidaysTest.java:32)
at com.hrm.qa.testcases.ConfigureNewHolidaysTest.launchBrowser(ConfigureNewHolidaysTest.java:32)
at com.hrm.qa.testcases.ConfigureNewHolidaysTest.launchBrowser(ConfigureNewHolidaysTest.java:32)
at com.hrm.qa.testcases.ConfigureNewHolidaysTest.launchBrowser(ConfigureNewHolidaysTest.java:32)
at com.hrm.qa.testcases.ConfigureNewHolidaysTest.launchBrowser(ConfigureNewHolidaysTest.java:32)
at com.hrm.qa.testcases.ConfigureNewHolidaysTest.launchBrowser(ConfigureNewHolidaysTest.java:32)
at com.hrm.qa.testcases.ConfigureNewHolidaysTest.launchBrowser(ConfigureNewHolidaysTest.java:32)
at com.hrm.qa.testcases.ConfigureNewHolidaysTest.launchBrowser(ConfigureNewHolidaysTest.java:32)
at com.hrm.qa.testcases.ConfigureNewHolidaysTest.launchBrowser(ConfigureNewHolidaysTest.java:32)
at com.hrm.qa.testcases.ConfigureNewHolidaysTest.launchBrowser(ConfigureNewHolidaysTest.java:32)
at com.hrm.qa.testcases.ConfigureNewHolidaysTest.launchBrowser(ConfigureNewHolidaysTest.java:32)
at com.hrm.qa.testcases.ConfigureNewHolidaysTest.launchBrowser(ConfigureNewHolidaysTest.java:32)
at com.hrm.qa.testcases.ConfigureNewHolidaysTest.launchBrowser(ConfigureNewHolidaysTest.java:32)
at com.hrm.qa.testcases.ConfigureNewHolidaysTest.launchBrowser(ConfigureNewHolidaysTest.java:32)
at com.hrm.qa.testcases.ConfigureNewHolidaysTest.launchBrowser(ConfigureNewHolidaysTest.java:32)
at com.hrm.qa.testcases.ConfigureNewHolidaysTest.launchBrowser(ConfigureNewHolidaysTest.java:32)
at com.hrm.qa.testcases.ConfigureNewHolidaysTest.launchBrowser(ConfigureNewHolidaysTest.java:32)
at com.hrm.qa.testcases.ConfigureNewHolidaysTest.launchBrowser(ConfigureNewHolidaysTest.java:32)
at com.hrm.qa.testcases.ConfigureNewHolidaysTest.launchBrowser(ConfigureNewHolidaysTest.java:32)
at com.hrm.qa.testcases.ConfigureNewHolidaysTest.launchBrowser(ConfigureNewHolidaysTest.java:32)
at com.hrm.qa.testcases.ConfigureNewHolidaysTest.launchBrowser(ConfigureNewHolidaysTest.java:32)
at com.hrm.qa.testcases.ConfigureNewHolidaysTest.launchBrowser(ConfigureNewHolidaysTest.java:32)
at com.hrm.qa.testcases.ConfigureNewHolidaysTest.launchBrowser(ConfigureNewHolidaysTest.java:32)
at com.hrm.qa.testcases.ConfigureNewHolidaysTest.launchBrowser(ConfigureNewHolidaysTest.java:32)
at com.hrm.qa.testcases.ConfigureNewHolidaysTest.launchBrowser(ConfigureNewHolidaysTest.java:32)
at com.hrm.qa.testcases.ConfigureNewHolidaysTest.launchBrowser(ConfigureNewHolidaysTest.java:32)
at com.hrm.qa.testcases.ConfigureNewHolidaysTest.launchBrowser(ConfigureNewHolidaysTest.java:32)
at com.hrm.qa.testcases.ConfigureNewHolidaysTest.launchBrowser(ConfigureNewHolidaysTest.java:32)
at com.hrm.qa.testcases.ConfigureNewHolidaysTest.launchBrowser(ConfigureNewHolidaysTest.java:32)
at com.hrm.qa.testcases.ConfigureNewHolidaysTest.launchBrowser(ConfigureNewHolidaysTest.java:32)
at com.hrm.qa.testcases.ConfigureNewHolidaysTest.launchBrowser(ConfigureNewHolidaysTest.java:32)
at com.hrm.qa.testcases.ConfigureNewHolidaysTest.launchBrowser(ConfigureNewHolidaysTest.java:32)
at com.hrm.qa.testcases.ConfigureNewHolidaysTest.launchBrowser(ConfigureNewHolidaysTest.java:32)
at com.hrm.qa.testcases.ConfigureNewHolidaysTest.launchBrowser(ConfigureNewHolidaysTest.java:32)
at com.hrm.qa.testcases.ConfigureNewHolidaysTest.launchBrowser(ConfigureNewHolidaysTest.java:32)
at com.hrm.qa.testcases.ConfigureNewHolidaysTest.launchBrowser(ConfigureNewHolidaysTest.java:32)
at com.hrm.qa.testcases.ConfigureNewHolidaysTest.launchBrowser(ConfigureNewHolidaysTest.java:32)
at com.hrm.qa.testcases.ConfigureNewHolidaysTest.launchBrowser(ConfigureNewHolidaysTest.java:32)
at com.hrm.qa.testcases.ConfigureNewHolidaysTest.launchBrowser(ConfigureNewHolidaysTest.java:32)
at com.hrm.qa.testcases.ConfigureNewHolidaysTest.launchBrowser(ConfigureNewHolidaysTest.java:32)
at com.hrm.qa.testcases.ConfigureNewHolidaysTest.launchBrowser(ConfigureNewHolidaysTest.java:32)
at com.hrm.qa.testcases.ConfigureNewHolidaysTest.launchBrowser(ConfigureNewHolidaysTest.java:32)
at com.hrm.qa.testcases.ConfigureNewHolidaysTest.launchBrowser(ConfigureNewHolidaysTest.java:32)
at com.hrm.qa.testcases.ConfigureNewHolidaysTest.launchBrowser(ConfigureNewHolidaysTest.java:32)
at com.hrm.qa.testcases.ConfigureNewHolidaysTest.launchBrowser(ConfigureNewHolidaysTest.java:32)
at com.hrm.qa.testcases.ConfigureNewHolidaysTest.launchBrowser(ConfigureNewHolidaysTest.java:32)
at com.hrm.qa.testcases.ConfigureNewHolidaysTest.launchBrowser(ConfigureNewHolidaysTest.java:32)
at com.hrm.qa.testcases.ConfigureNewHolidaysTest.launchBrowser(ConfigureNewHolidaysTest.java:32)
at com.hrm.qa.testcases.ConfigureNewHolidaysTest.launchBrowser(ConfigureNewHolidaysTest.java:32)
at com.hrm.qa.testcases.ConfigureNewHolidaysTest.launchBrowser(ConfigureNewHolidaysTest.java:32)
at com.hrm.qa.testcases.ConfigureNewHolidaysTest.launchBrowser(ConfigureNewHolidaysTest.java:32)
at com.hrm.qa.testcases.ConfigureNewHolidaysTest.launchBrowser(ConfigureNewHolidaysTest.java:32)
at com.hrm.qa.testcases.ConfigureNewHolidaysTest.launchBrowser(ConfigureNewHolidaysTest.java:32)
at com.hrm.qa.testcases.ConfigureNewHolidaysTest.launchBrowser(ConfigureNewHolidaysTest.java:32)
at com.hrm.qa.testcases.ConfigureNewHolidaysTest.launchBrowser(ConfigureNewHolidaysTest.java:32)
at com.hrm.qa.testcases.ConfigureNewHolidaysTest.launchBrowser(ConfigureNewHolidaysTest.java:32)
at com.hrm.qa.testcases.ConfigureNewHolidaysTest.launchBrowser(ConfigureNewHolidaysTest.java:32)
at com.hrm.qa.testcases.ConfigureNewHolidaysTest.launchBrowser(ConfigureNewHolidaysTest.java:32)
at com.hrm.qa.testcases.ConfigureNewHolidaysTest.launchBrowser(ConfigureNewHolidaysTest.java:32)
at com.hrm.qa.testcases.ConfigureNewHolidaysTest.launchBrowser(ConfigureNewHolidaysTest.java:32)
at com.hrm.qa.testcases.ConfigureNewHolidaysTest.launchBrowser(ConfigureNewHolidaysTest.java:32)
at com.hrm.qa.testcases.ConfigureNewHolidaysTest.launchBrowser(ConfigureNewHolidaysTest.java:32)
at com.hrm.qa.testcases.ConfigureNewHolidaysTest.launchBrowser(ConfigureNewHolidaysTest.java:32)
at com.hrm.qa.testcases.ConfigureNewHolidaysTest.launchBrowser(ConfigureNewHolidaysTest.java:32)
at com.hrm.qa.testcases.ConfigureNewHolidaysTest.launchBrowser(ConfigureNewHolidaysTest.java:32)
at com.hrm.qa.testcases.ConfigureNewHolidaysTest.launchBrowser(ConfigureNewHolidaysTest.java:32)
at com.hrm.qa.testcases.ConfigureNewHolidaysTest.launchBrowser(ConfigureNewHolidaysTest.java:32)
at com.hrm.qa.testcases.ConfigureNewHolidaysTest.launchBrowser(ConfigureNewHolidaysTest.java:32)
at com.hrm.qa.testcases.ConfigureNewHolidaysTest.launchBrowser(ConfigureNewHolidaysTest.java:32)
at com.hrm.qa.testcases.ConfigureNewHolidaysTest.launchBrowser(ConfigureNewHolidaysTest.java:32)
at com.hrm.qa.testcases.ConfigureNewHolidaysTest.launchBrowser(ConfigureNewHolidaysTest.java:32)
at com.hrm.qa.testcases.ConfigureNewHolidaysTest.launchBrowser(ConfigureNewHolidaysTest.java:32)
at com.hrm.qa.testcases.ConfigureNewHolidaysTest.launchBrowser(ConfigureNewHolidaysTest.java:32)
at com.hrm.qa.testcases.ConfigureNewHolidaysTest.launchBrowser(ConfigureNewHolidaysTest.java:32)
at com.hrm.qa.testcases.ConfigureNewHolidaysTest.launchBrowser(ConfigureNewHolidaysTest.java:32)
at com.hrm.qa.testcases.ConfigureNewHolidaysTest.launchBrowser(ConfigureNewHolidaysTest.java:32)
at com.hrm.qa.testcases.ConfigureNewHolidaysTest.launchBrowser(ConfigureNewHolidaysTest.java:32)
at com.hrm.qa.testcases.ConfigureNewHolidaysTest.launchBrowser(ConfigureNewHolidaysTest.java:32)
at com.hrm.qa.testcases.ConfigureNewHolidaysTest.launchBrowser(ConfigureNewHolidaysTest.java:32)
at com.hrm.qa.testcases.ConfigureNewHolidaysTest.launchBrowser(ConfigureNewHolidaysTest.java:32)
at com.hrm.qa.testcases.ConfigureNewHolidaysTest.launchBrowser(ConfigureNewHolidaysTest.java:32)
at com.hrm.qa.testcases.ConfigureNewHolidaysTest.launchBrowser(ConfigureNewHolidaysTest.java:32)
at com.hrm.qa.testcases.ConfigureNewHolidaysTest.launchBrowser(ConfigureNewHolidaysTest.java:32)
at com.hrm.qa.testcases.ConfigureNewHolidaysTest.launchBrowser(ConfigureNewHolidaysTest.java:32)
at com.hrm.qa.testcases.ConfigureNewHolidaysTest.launchBrowser(ConfigureNewHolidaysTest.java:32)
at com.hrm.qa.testcases.ConfigureNewHolidaysTest.launchBrowser(ConfigureNewHolidaysTest.java:32)
at com.hrm.qa.testcases.ConfigureNewHolidaysTest.launchBrowser(ConfigureNewHolidaysTest.java:32)
at com.hrm.qa.testcases.ConfigureNewHolidaysTest.launchBrowser(ConfigureNewHolidaysTest.java:32)
at com.hrm.qa.testcases.ConfigureNewHolidaysTest.launchBrowser(ConfigureNewHolidaysTest.java:32)
at com.hrm.qa.testcases.ConfigureNewHolidaysTest.launchBrowser(ConfigureNewHolidaysTest.java:32)
at com.hrm.qa.testcases.ConfigureNewHolidaysTest.launchBrowser(ConfigureNewHolidaysTest.java:32)
at com.hrm.qa.testcases.ConfigureNewHolidaysTest.launchBrowser(ConfigureNewHolidaysTest.java:32)
at com.hrm.qa.testcases.ConfigureNewHolidaysTest.launchBrowser(ConfigureNewHolidaysTest.java:32)
at com.hrm.qa.testcases.ConfigureNewHolidaysTest.launchBrowser(ConfigureNewHolidaysTest.java:32)
at com.hrm.qa.testcases.ConfigureNewHolidaysTest.launchBrowser(ConfigureNewHolidaysTest.java:32)
at com.hrm.qa.testcases.ConfigureNewHolidaysTest.launchBrowser(ConfigureNewHolidaysTest.java:32)
at com.hrm.qa.testcases.ConfigureNewHolidaysTest.launchBrowser(ConfigureNewHolidaysTest.java:32)
at com.hrm.qa.testcases.ConfigureNewHolidaysTest.launchBrowser(ConfigureNewHolidaysTest.java:32)
at com.hrm.qa.testcases.ConfigureNewHolidaysTest.launchBrowser(ConfigureNewHolidaysTest.java:32)
at com.hrm.qa.testcases.ConfigureNewHolidaysTest.launchBrowser(ConfigureNewHolidaysTest.java:32)
at com.hrm.qa.testcases.ConfigureNewHolidaysTest.launchBrowser(ConfigureNewHolidaysTest.java:32)
at com.hrm.qa.testcases.ConfigureNewHolidaysTest.launchBrowser(ConfigureNewHolidaysTest.java:32)
at com.hrm.qa.testcases.ConfigureNewHolidaysTest.launchBrowser(ConfigureNewHolidaysTest.java:32)
at com.hrm.qa.testcases.ConfigureNewHolidaysTest.launchBrowser(ConfigureNewHolidaysTest.java:32)
at com.hrm.qa.testcases.ConfigureNewHolidaysTest.launchBrowser(ConfigureNewHolidaysTest.java:32)
at com.hrm.qa.testcases.ConfigureNewHolidaysTest.launchBrowser(ConfigureNewHolidaysTest.java:32)
at com.hrm.qa.testcases.ConfigureNewHolidaysTest.launchBrowser(ConfigureNewHolidaysTest.java:32)
at com.hrm.qa.testcases.ConfigureNewHolidaysTest.launchBrowser(ConfigureNewHolidaysTest.java:32)
at com.hrm.qa.testcases.ConfigureNewHolidaysTest.launchBrowser(ConfigureNewHolidaysTest.java:32)
at com.hrm.qa.testcases.ConfigureNewHolidaysTest.launchBrowser(ConfigureNewHolidaysTest.java:32)
at com.hrm.qa.testcases.ConfigureNewHolidaysTest.launchBrowser(ConfigureNewHolidaysTest.java:32)
at com.hrm.qa.testcases.ConfigureNewHolidaysTest.launchBrowser(ConfigureNewHolidaysTest.java:32)
at com.hrm.qa.testcases.ConfigureNewHolidaysTest.launchBrowser(ConfigureNewHolidaysTest.java:32)
at com.hrm.qa.testcases.ConfigureNewHolidaysTest.launchBrowser(ConfigureNewHolidaysTest.java:32)
at com.hrm.qa.testcases.ConfigureNewHolidaysTest.launchBrowser(ConfigureNewHolidaysTest.java:32)
at com.hrm.qa.testcases.ConfigureNewHolidaysTest.launchBrowser(ConfigureNewHolidaysTest.java:32)
at com.hrm.qa.testcases.ConfigureNewHolidaysTest.launchBrowser(ConfigureNewHolidaysTest.java:32)
at com.hrm.qa.testcases.ConfigureNewHolidaysTest.launchBrowser(ConfigureNewHolidaysTest.java:32)
at com.hrm.qa.testcases.ConfigureNewHolidaysTest.launchBrowser(ConfigureNewHolidaysTest.java:32)
at com.hrm.qa.testcases.ConfigureNewHolidaysTest.launchBrowser(ConfigureNewHolidaysTest.java:32)
at com.hrm.qa.testcases.ConfigureNewHolidaysTest.launchBrowser(ConfigureNewHolidaysTest.java:32)
at com.hrm.qa.testcases.ConfigureNewHolidaysTest.launchBrowser(ConfigureNewHolidaysTest.java:32)
at com.hrm.qa.testcases.ConfigureNewHolidaysTest.launchBrowser(ConfigureNewHolidaysTest.java:32)
at com.hrm.qa.testcases.ConfigureNewHolidaysTest.launchBrowser(ConfigureNewHolidaysTest.java:32)
at com.hrm.qa.testcases.ConfigureNewHolidaysTest.launchBrowser(ConfigureNewHolidaysTest.java:32)
at com.hrm.qa.testcases.ConfigureNewHolidaysTest.launchBrowser(ConfigureNewHolidaysTest.java:32)
at com.hrm.qa.testcases.ConfigureNewHolidaysTest.launchBrowser(ConfigureNewHolidaysTest.java:32)
at com.hrm.qa.testcases.ConfigureNewHolidaysTest.launchBrowser(ConfigureNewHolidaysTest.java:32)
at com.hrm.qa.testcases.ConfigureNewHolidaysTest.launchBrowser(ConfigureNewHolidaysTest.java:32)
at com.hrm.qa.testcases.ConfigureNewHolidaysTest.launchBrowser(ConfigureNewHolidaysTest.java:32)
at com.hrm.qa.testcases.ConfigureNewHolidaysTest.launchBrowser(ConfigureNewHolidaysTest.java:32)
at com.hrm.qa.testcases.ConfigureNewHolidaysTest.launchBrowser(ConfigureNewHolidaysTest.java:32)
at com.hrm.qa.testcases.ConfigureNewHolidaysTest.launchBrowser(ConfigureNewHolidaysTest.java:32)
at com.hrm.qa.testcases.ConfigureNewHolidaysTest.launchBrowser(ConfigureNewHolidaysTest.java:32)
at com.hrm.qa.testcases.ConfigureNewHolidaysTest.launchBrowser(ConfigureNewHolidaysTest.java:32)
at com.hrm.qa.testcases.ConfigureNewHolidaysTest.launchBrowser(ConfigureNewHolidaysTest.java:32)
at com.hrm.qa.testcases.ConfigureNewHolidaysTest.launchBrowser(ConfigureNewHolidaysTest.java:32)
at com.hrm.qa.testcases.ConfigureNewHolidaysTest.launchBrowser(ConfigureNewHolidaysTest.java:32)
at com.hrm.qa.testcases.ConfigureNewHolidaysTest.launchBrowser(ConfigureNewHolidaysTest.java:32)
at com.hrm.qa.testcases.ConfigureNewHolidaysTest.launchBrowser(ConfigureNewHolidaysTest.java:32)
at com.hrm.qa.testcases.ConfigureNewHolidaysTest.launchBrowser(ConfigureNewHolidaysTest.java:32)
at com.hrm.qa.testcases.ConfigureNewHolidaysTest.launchBrowser(ConfigureNewHolidaysTest.java:32)
at com.hrm.qa.testcases.ConfigureNewHolidaysTest.launchBrowser(ConfigureNewHolidaysTest.java:32)
at com.hrm.qa.testcases.ConfigureNewHolidaysTest.launchBrowser(ConfigureNewHolidaysTest.java:32)
at com.hrm.qa.testcases.ConfigureNewHolidaysTest.launchBrowser(ConfigureNewHolidaysTest.java:32)
at com.hrm.qa.testcases.ConfigureNewHolidaysTest.launchBrowser(ConfigureNewHolidaysTest.java:32)
at com.hrm.qa.testcases.ConfigureNewHolidaysTest.launchBrowser(ConfigureNewHolidaysTest.java:32)
at com.hrm.qa.testcases.ConfigureNewHolidaysTest.launchBrowser(ConfigureNewHolidaysTest.java:32)
at com.hrm.qa.testcases.ConfigureNewHolidaysTest.launchBrowser(ConfigureNewHolidaysTest.java:32)
at com.hrm.qa.testcases.ConfigureNewHolidaysTest.launchBrowser(ConfigureNewHolidaysTest.java:32)
at com.hrm.qa.testcases.ConfigureNewHolidaysTest.launchBrowser(ConfigureNewHolidaysTest.java:32)
at com.hrm.qa.testcases.ConfigureNewHolidaysTest.launchBrowser(ConfigureNewHolidaysTest.java:32)
at com.hrm.qa.testcases.ConfigureNewHolidaysTest.launchBrowser(ConfigureNewHolidaysTest.java:32)
at com.hrm.qa.testcases.ConfigureNewHolidaysTest.launchBrowser(ConfigureNewHolidaysTest.java:32)
at com.hrm.qa.testcases.ConfigureNewHolidaysTest.launchBrowser(ConfigureNewHolidaysTest.java:32)
at com.hrm.qa.testcases.ConfigureNewHolidaysTest.launchBrowser(ConfigureNewHolidaysTest.java:32)
at com.hrm.qa.testcases.ConfigureNewHolidaysTest.launchBrowser(ConfigureNewHolidaysTest.java:32)
at com.hrm.qa.testcases.ConfigureNewHolidaysTest.launchBrowser(ConfigureNewHolidaysTest.java:32)
at com.hrm.qa.testcases.ConfigureNewHolidaysTest.launchBrowser(ConfigureNewHolidaysTest.java:32)
at com.hrm.qa.testcases.ConfigureNewHolidaysTest.launchBrowser(ConfigureNewHolidaysTest.java:32)
at com.hrm.qa.testcases.ConfigureNewHolidaysTest.launchBrowser(ConfigureNewHolidaysTest.java:32)
at com.hrm.qa.testcases.ConfigureNewHolidaysTest.launchBrowser(ConfigureNewHolidaysTest.java:32)
at com.hrm.qa.testcases.ConfigureNewHolidaysTest.launchBrowser(ConfigureNewHolidaysTest.java:32)
at com.hrm.qa.testcases.ConfigureNewHolidaysTest.launchBrowser(ConfigureNewHolidaysTest.java:32)
at com.hrm.qa.testcases.ConfigureNewHolidaysTest.launchBrowser(ConfigureNewHolidaysTest.java:32)
at com.hrm.qa.testcases.ConfigureNewHolidaysTest.launchBrowser(ConfigureNewHolidaysTest.java:32)
at com.hrm.qa.testcases.ConfigureNewHolidaysTest.launchBrowser(ConfigureNewHolidaysTest.java:32)
at com.hrm.qa.testcases.ConfigureNewHolidaysTest.launchBrowser(ConfigureNewHolidaysTest.java:32)
at com.hrm.qa.testcases.ConfigureNewHolidaysTest.launchBrowser(ConfigureNewHolidaysTest.java:32)
at com.hrm.qa.testcases.ConfigureNewHolidaysTest.launchBrowser(ConfigureNewHolidaysTest.java:32)
at com.hrm.qa.testcases.ConfigureNewHolidaysTest.launchBrowser(ConfigureNewHolidaysTest.java:32)
at com.hrm.qa.testcases.ConfigureNewHolidaysTest.launchBrowser(ConfigureNewHolidaysTest.java:32)
at com.hrm.qa.testcases.ConfigureNewHolidaysTest.launchBrowser(ConfigureNewHolidaysTest.java:32)
at com.hrm.qa.testcases.ConfigureNewHolidaysTest.launchBrowser(ConfigureNewHolidaysTest.java:32)
at com.hrm.qa.testcases.ConfigureNewHolidaysTest.launchBrowser(ConfigureNewHolidaysTest.java:32)
at com.hrm.qa.testcases.ConfigureNewHolidaysTest.launchBrowser(ConfigureNewHolidaysTest.java:32)
at com.hrm.qa.testcases.ConfigureNewHolidaysTest.launchBrowser(ConfigureNewHolidaysTest.java:32)
at com.hrm.qa.testcases.ConfigureNewHolidaysTest.launchBrowser(ConfigureNewHolidaysTest.java:32)
at com.hrm.qa.testcases.ConfigureNewHolidaysTest.launchBrowser(ConfigureNewHolidaysTest.java:32)
at com.hrm.qa.testcases.ConfigureNewHolidaysTest.launchBrowser(ConfigureNewHolidaysTest.java:32)
at com.hrm.qa.testcases.ConfigureNewHolidaysTest.launchBrowser(ConfigureNewHolidaysTest.java:32)
at com.hrm.qa.testcases.ConfigureNewHolidaysTest.launchBrowser(ConfigureNewHolidaysTest.java:32)
at com.hrm.qa.testcases.ConfigureNewHolidaysTest.launchBrowser(ConfigureNewHolidaysTest.java:32)
at com.hrm.qa.testcases.ConfigureNewHolidaysTest.launchBrowser(ConfigureNewHolidaysTest.java:32)
at com.hrm.qa.testcases.ConfigureNewHolidaysTest.launchBrowser(ConfigureNewHolidaysTest.java:32)
at com.hrm.qa.testcases.ConfigureNewHolidaysTest.launchBrowser(ConfigureNewHolidaysTest.java:32)
at com.hrm.qa.testcases.ConfigureNewHolidaysTest.launchBrowser(ConfigureNewHolidaysTest.java:32)
at com.hrm.qa.testcases.ConfigureNewHolidaysTest.launchBrowser(ConfigureNewHolidaysTest.java:32)
at com.hrm.qa.testcases.ConfigureNewHolidaysTest.launchBrowser(ConfigureNewHolidaysTest.java:32)
at com.hrm.qa.testcases.ConfigureNewHolidaysTest.launchBrowser(ConfigureNewHolidaysTest.java:32)
at com.hrm.qa.testcases.ConfigureNewHolidaysTest.launchBrowser(ConfigureNewHolidaysTest.java:32)
at com.hrm.qa.testcases.ConfigureNewHolidaysTest.launchBrowser(ConfigureNewHolidaysTest.java:32)
at com.hrm.qa.testcases.ConfigureNewHolidaysTest.launchBrowser(ConfigureNewHolidaysTest.java:32)
at com.hrm.qa.testcases.ConfigureNewHolidaysTest.launchBrowser(ConfigureNewHolidaysTest.java:32)
at com.hrm.qa.testcases.ConfigureNewHolidaysTest.launchBrowser(ConfigureNewHolidaysTest.java:32)
at com.hrm.qa.testcases.ConfigureNewHolidaysTest.launchBrowser(ConfigureNewHolidaysTest.java:32)
at com.hrm.qa.testcases.ConfigureNewHolidaysTest.launchBrowser(ConfigureNewHolidaysTest.java:32)
at com.hrm.qa.testcases.ConfigureNewHolidaysTest.launchBrowser(ConfigureNewHolidaysTest.java:32)
at com.hrm.qa.testcases.ConfigureNewHolidaysTest.launchBrowser(ConfigureNewHolidaysTest.java:32)
at com.hrm.qa.testcases.ConfigureNewHolidaysTest.launchBrowser(ConfigureNewHolidaysTest.java:32)
at com.hrm.qa.testcases.ConfigureNewHolidaysTest.launchBrowser(ConfigureNewHolidaysTest.java:32)
at com.hrm.qa.testcases.ConfigureNewHolidaysTest.launchBrowser(ConfigureNewHolidaysTest.java:32)
at com.hrm.qa.testcases.ConfigureNewHolidaysTest.launchBrowser(ConfigureNewHolidaysTest.java:32)
at com.hrm.qa.testcases.ConfigureNewHolidaysTest.launchBrowser(ConfigureNewHolidaysTest.java:32)
at com.hrm.qa.testcases.ConfigureNewHolidaysTest.launchBrowser(ConfigureNewHolidaysTest.java:32)
at com.hrm.qa.testcases.ConfigureNewHolidaysTest.launchBrowser(ConfigureNewHolidaysTest.java:32)
at com.hrm.qa.testcases.ConfigureNewHolidaysTest.launchBrowser(ConfigureNewHolidaysTest.java:32)
at com.hrm.qa.testcases.ConfigureNewHolidaysTest.launchBrowser(ConfigureNewHolidaysTest.java:32)
at com.hrm.qa.testcases.ConfigureNewHolidaysTest.launchBrowser(ConfigureNewHolidaysTest.java:32)
at com.hrm.qa.testcases.ConfigureNewHolidaysTest.launchBrowser(ConfigureNewHolidaysTest.java:32)
at com.hrm.qa.testcases.ConfigureNewHolidaysTest.launchBrowser(ConfigureNewHolidaysTest.java:32)
at com.hrm.qa.testcases.ConfigureNewHolidaysTest.launchBrowser(ConfigureNewHolidaysTest.java:32)
at com.hrm.qa.testcases.ConfigureNewHolidaysTest.launchBrowser(ConfigureNewHolidaysTest.java:32)
at com.hrm.qa.testcases.ConfigureNewHolidaysTest.launchBrowser(ConfigureNewHolidaysTest.java:32)
at com.hrm.qa.testcases.ConfigureNewHolidaysTest.launchBrowser(ConfigureNewHolidaysTest.java:32)
at com.hrm.qa.testcases.ConfigureNewHolidaysTest.launchBrowser(ConfigureNewHolidaysTest.java:32)
at com.hrm.qa.testcases.ConfigureNewHolidaysTest.launchBrowser(ConfigureNewHolidaysTest.java:32)
at com.hrm.qa.testcases.ConfigureNewHolidaysTest.launchBrowser(ConfigureNewHolidaysTest.java:32)
at com.hrm.qa.testcases.ConfigureNewHolidaysTest.launchBrowser(ConfigureNewHolidaysTest.java:32)
at com.hrm.qa.testcases.ConfigureNewHolidaysTest.launchBrowser(ConfigureNewHolidaysTest.java:32)
at com.hrm.qa.testcases.ConfigureNewHolidaysTest.launchBrowser(ConfigureNewHolidaysTest.java:32)
at com.hrm.qa.testcases.ConfigureNewHolidaysTest.launchBrowser(ConfigureNewHolidaysTest.java:32)
at com.hrm.qa.testcases.ConfigureNewHolidaysTest.launchBrowser(ConfigureNewHolidaysTest.java:32)
at com.hrm.qa.testcases.ConfigureNewHolidaysTest.launchBrowser(ConfigureNewHolidaysTest.java:32)
at com.hrm.qa.testcases.ConfigureNewHolidaysTest.launchBrowser(ConfigureNewHolidaysTest.java:32)
at com.hrm.qa.testcases.ConfigureNewHolidaysTest.launchBrowser(ConfigureNewHolidaysTest.java:32)
at com.hrm.qa.testcases.ConfigureNewHolidaysTest.launchBrowser(ConfigureNewHolidaysTest.java:32)
at com.hrm.qa.testcases.ConfigureNewHolidaysTest.launchBrowser(ConfigureNewHolidaysTest.java:32)
at com.hrm.qa.testcases.ConfigureNewHolidaysTest.launchBrowser(ConfigureNewHolidaysTest.java:32)
at com.hrm.qa.testcases.ConfigureNewHolidaysTest.launchBrowser(ConfigureNewHolidaysTest.java:32)
at com.hrm.qa.testcases.ConfigureNewHolidaysTest.launchBrowser(ConfigureNewHolidaysTest.java:32)
at com.hrm.qa.testcases.ConfigureNewHolidaysTest.launchBrowser(ConfigureNewHolidaysTest.java:32)
at com.hrm.qa.testcases.ConfigureNewHolidaysTest.launchBrowser(ConfigureNewHolidaysTest.java:32)
at com.hrm.qa.testcases.ConfigureNewHolidaysTest.launchBrowser(ConfigureNewHolidaysTest.java:32)
at com.hrm.qa.testcases.ConfigureNewHolidaysTest.launchBrowser(ConfigureNewHolidaysTest.java:32)
at com.hrm.qa.testcases.ConfigureNewHolidaysTest.launchBrowser(ConfigureNewHolidaysTest.java:32)
at com.hrm.qa.testcases.ConfigureNewHolidaysTest.launchBrowser(ConfigureNewHolidaysTest.java:32)
at com.hrm.qa.testcases.ConfigureNewHolidaysTest.launchBrowser(ConfigureNewHolidaysTest.java:32)
at com.hrm.qa.testcases.ConfigureNewHolidaysTest.launchBrowser(ConfigureNewHolidaysTest.java:32)
at com.hrm.qa.testcases.ConfigureNewHolidaysTest.launchBrowser(ConfigureNewHolidaysTest.java:32)
at com.hrm.qa.testcases.ConfigureNewHolidaysTest.launchBrowser(ConfigureNewHolidaysTest.java:32)
at com.hrm.qa.testcases.ConfigureNewHolidaysTest.launchBrowser(ConfigureNewHolidaysTest.java:32)
at com.hrm.qa.testcases.ConfigureNewHolidaysTest.launchBrowser(ConfigureNewHolidaysTest.java:32)
at com.hrm.qa.testcases.ConfigureNewHolidaysTest.launchBrowser(ConfigureNewHolidaysTest.java:32)
at com.hrm.qa.testcases.ConfigureNewHolidaysTest.launchBrowser(ConfigureNewHolidaysTest.java:32)
at com.hrm.qa.testcases.ConfigureNewHolidaysTest.launchBrowser(ConfigureNewHolidaysTest.java:32)
at com.hrm.qa.testcases.ConfigureNewHolidaysTest.launchBrowser(ConfigureNewHolidaysTest.java:32)
at com.hrm.qa.testcases.ConfigureNewHolidaysTest.launchBrowser(ConfigureNewHolidaysTest.java:32)
at com.hrm.qa.testcases.ConfigureNewHolidaysTest.launchBrowser(ConfigureNewHolidaysTest.java:32)
at com.hrm.qa.testcases.ConfigureNewHolidaysTest.launchBrowser(ConfigureNewHolidaysTest.java:32)
at com.hrm.qa.testcases.ConfigureNewHolidaysTest.launchBrowser(ConfigureNewHolidaysTest.java:32)
at com.hrm.qa.testcases.ConfigureNewHolidaysTest.launchBrowser(ConfigureNewHolidaysTest.java:32)
at com.hrm.qa.testcases.ConfigureNewHolidaysTest.launchBrowser(ConfigureNewHolidaysTest.java:32)
at com.hrm.qa.testcases.ConfigureNewHolidaysTest.launchBrowser(ConfigureNewHolidaysTest.java:32)
at com.hrm.qa.testcases.ConfigureNewHolidaysTest.launchBrowser(ConfigureNewHolidaysTest.java:32)
at com.hrm.qa.testcases.ConfigureNewHolidaysTest.launchBrowser(ConfigureNewHolidaysTest.java:32)
at com.hrm.qa.testcases.ConfigureNewHolidaysTest.launchBrowser(ConfigureNewHolidaysTest.java:32)
at com.hrm.qa.testcases.ConfigureNewHolidaysTest.launchBrowser(ConfigureNewHolidaysTest.java:32)
at com.hrm.qa.testcases.ConfigureNewHolidaysTest.launchBrowser(ConfigureNewHolidaysTest.java:32)
at com.hrm.qa.testcases.ConfigureNewHolidaysTest.launchBrowser(ConfigureNewHolidaysTest.java:32)
at com.hrm.qa.testcases.ConfigureNewHolidaysTest.launchBrowser(ConfigureNewHolidaysTest.java:32)
at com.hrm.qa.testcases.ConfigureNewHolidaysTest.launchBrowser(ConfigureNewHolidaysTest.java:32)
at com.hrm.qa.testcases.ConfigureNewHolidaysTest.launchBrowser(ConfigureNewHolidaysTest.java:32)
at com.hrm.qa.testcases.ConfigureNewHolidaysTest.launchBrowser(ConfigureNewHolidaysTest.java:32)
at com.hrm.qa.testcases.ConfigureNewHolidaysTest.launchBrowser(ConfigureNewHolidaysTest.java:32)
at com.hrm.qa.testcases.ConfigureNewHolidaysTest.launchBrowser(ConfigureNewHolidaysTest.java:32)
at com.hrm.qa.testcases.ConfigureNewHolidaysTest.launchBrowser(ConfigureNewHolidaysTest.java:32)
at com.hrm.qa.testcases.ConfigureNewHolidaysTest.launchBrowser(ConfigureNewHolidaysTest.java:32)
at com.hrm.qa.testcases.ConfigureNewHolidaysTest.launchBrowser(ConfigureNewHolidaysTest.java:32)
at com.hrm.qa.testcases.ConfigureNewHolidaysTest.launchBrowser(ConfigureNewHolidaysTest.java:32)
at com.hrm.qa.testcases.ConfigureNewHolidaysTest.launchBrowser(ConfigureNewHolidaysTest.java:32)
at com.hrm.qa.testcases.ConfigureNewHolidaysTest.launchBrowser(ConfigureNewHolidaysTest.java:32)
at com.hrm.qa.testcases.ConfigureNewHolidaysTest.launchBrowser(ConfigureNewHolidaysTest.java:32)
at com.hrm.qa.testcases.ConfigureNewHolidaysTest.launchBrowser(ConfigureNewHolidaysTest.java:32)
at com.hrm.qa.testcases.ConfigureNewHolidaysTest.launchBrowser(ConfigureNewHolidaysTest.java:32)
at com.hrm.qa.testcases.ConfigureNewHolidaysTest.launchBrowser(ConfigureNewHolidaysTest.java:32)
at com.hrm.qa.testcases.ConfigureNewHolidaysTest.launchBrowser(ConfigureNewHolidaysTest.java:32)
at com.hrm.qa.testcases.ConfigureNewHolidaysTest.launchBrowser(ConfigureNewHolidaysTest.java:32)
at com.hrm.qa.testcases.ConfigureNewHolidaysTest.launchBrowser(ConfigureNewHolidaysTest.java:32)
at com.hrm.qa.testcases.ConfigureNewHolidaysTest.launchBrowser(ConfigureNewHolidaysTest.java:32)
at com.hrm.qa.testcases.ConfigureNewHolidaysTest.launchBrowser(ConfigureNewHolidaysTest.java:32)
at com.hrm.qa.testcases.ConfigureNewHolidaysTest.launchBrowser(ConfigureNewHolidaysTest.java:32)
at com.hrm.qa.testcases.ConfigureNewHolidaysTest.launchBrowser(ConfigureNewHolidaysTest.java:32)
at com.hrm.qa.testcases.ConfigureNewHolidaysTest.launchBrowser(ConfigureNewHolidaysTest.java:32)
at com.hrm.qa.testcases.ConfigureNewHolidaysTest.launchBrowser(ConfigureNewHolidaysTest.java:32)
at com.hrm.qa.testcases.ConfigureNewHolidaysTest.launchBrowser(ConfigureNewHolidaysTest.java:32)
at com.hrm.qa.testcases.ConfigureNewHolidaysTest.launchBrowser(ConfigureNewHolidaysTest.java:32)
at com.hrm.qa.testcases.ConfigureNewHolidaysTest.launchBrowser(ConfigureNewHolidaysTest.java:32)
at com.hrm.qa.testcases.ConfigureNewHolidaysTest.launchBrowser(ConfigureNewHolidaysTest.java:32)
at com.hrm.qa.testcases.ConfigureNewHolidaysTest.launchBrowser(ConfigureNewHolidaysTest.java:32)
at com.hrm.qa.testcases.ConfigureNewHolidaysTest.launchBrowser(ConfigureNewHolidaysTest.java:32)
at com.hrm.qa.testcases.ConfigureNewHolidaysTest.launchBrowser(ConfigureNewHolidaysTest.java:32)
at com.hrm.qa.testcases.ConfigureNewHolidaysTest.launchBrowser(ConfigureNewHolidaysTest.java:32)
at com.hrm.qa.testcases.ConfigureNewHolidaysTest.launchBrowser(ConfigureNewHolidaysTest.java:32)
at com.hrm.qa.testcases.ConfigureNewHolidaysTest.launchBrowser(ConfigureNewHolidaysTest.java:32)
at com.hrm.qa.testcases.ConfigureNewHolidaysTest.launchBrowser(ConfigureNewHolidaysTest.java:32)
at com.hrm.qa.testcases.ConfigureNewHolidaysTest.launchBrowser(ConfigureNewHolidaysTest.java:32)
at com.hrm.qa.testcases.ConfigureNewHolidaysTest.launchBrowser(ConfigureNewHolidaysTest.java:32)
at com.hrm.qa.testcases.ConfigureNewHolidaysTest.launchBrowser(ConfigureNewHolidaysTest.java:32)
at com.hrm.qa.testcases.ConfigureNewHolidaysTest.launchBrowser(ConfigureNewHolidaysTest.java:32)
at com.hrm.qa.testcases.ConfigureNewHolidaysTest.launchBrowser(ConfigureNewHolidaysTest.java:32)
at com.hrm.qa.testcases.ConfigureNewHolidaysTest.launchBrowser(ConfigureNewHolidaysTest.java:32)
at com.hrm.qa.testcases.ConfigureNewHolidaysTest.launchBrowser(ConfigureNewHolidaysTest.java:32)
at com.hrm.qa.testcases.ConfigureNewHolidaysTest.launchBrowser(ConfigureNewHolidaysTest.java:32)
at com.hrm.qa.testcases.ConfigureNewHolidaysTest.launchBrowser(ConfigureNewHolidaysTest.java:32)
at com.hrm.qa.testcases.ConfigureNewHolidaysTest.launchBrowser(ConfigureNewHolidaysTest.java:32)
at com.hrm.qa.testcases.ConfigureNewHolidaysTest.launchBrowser(ConfigureNewHolidaysTest.java:32)
at com.hrm.qa.testcases.ConfigureNewHolidaysTest.launchBrowser(ConfigureNewHolidaysTest.java:32)
at com.hrm.qa.testcases.ConfigureNewHolidaysTest.launchBrowser(ConfigureNewHolidaysTest.java:32)
at com.hrm.qa.testcases.ConfigureNewHolidaysTest.launchBrowser(ConfigureNewHolidaysTest.java:32)
at com.hrm.qa.testcases.ConfigureNewHolidaysTest.launchBrowser(ConfigureNewHolidaysTest.java:32)
at com.hrm.qa.testcases.ConfigureNewHolidaysTest.launchBrowser(ConfigureNewHolidaysTest.java:32)
at com.hrm.qa.testcases.ConfigureNewHolidaysTest.launchBrowser(ConfigureNewHolidaysTest.java:32)
at com.hrm.qa.testcases.ConfigureNewHolidaysTest.launchBrowser(ConfigureNewHolidaysTest.java:32)
at com.hrm.qa.testcases.ConfigureNewHolidaysTest.launchBrowser(ConfigureNewHolidaysTest.java:32)
at com.hrm.qa.testcases.ConfigureNewHolidaysTest.launchBrowser(ConfigureNewHolidaysTest.java:32)
at com.hrm.qa.testcases.ConfigureNewHolidaysTest.launchBrowser(ConfigureNewHolidaysTest.java:32)
at com.hrm.qa.testcases.ConfigureNewHolidaysTest.launchBrowser(ConfigureNewHolidaysTest.java:32)
at com.hrm.qa.testcases.ConfigureNewHolidaysTest.launchBrowser(ConfigureNewHolidaysTest.java:32)
at com.hrm.qa.testcases.ConfigureNewHolidaysTest.launchBrowser(ConfigureNewHolidaysTest.java:32)
at com.hrm.qa.testcases.ConfigureNewHolidaysTest.launchBrowser(ConfigureNewHolidaysTest.java:32)
at com.hrm.qa.testcases.ConfigureNewHolidaysTest.launchBrowser(ConfigureNewHolidaysTest.java:32)
at com.hrm.qa.testcases.ConfigureNewHolidaysTest.launchBrowser(ConfigureNewHolidaysTest.java:32)
at com.hrm.qa.testcases.ConfigureNewHolidaysTest.launchBrowser(ConfigureNewHolidaysTest.java:32)
at com.hrm.qa.testcases.ConfigureNewHolidaysTest.launchBrowser(ConfigureNewHolidaysTest.java:32)
at com.hrm.qa.testcases.ConfigureNewHolidaysTest.launchBrowser(ConfigureNewHolidaysTest.java:32)
at com.hrm.qa.testcases.ConfigureNewHolidaysTest.launchBrowser(ConfigureNewHolidaysTest.java:32)
at com.hrm.qa.testcases.ConfigureNewHolidaysTest.launchBrowser(ConfigureNewHolidaysTest.java:32)
at com.hrm.qa.testcases.ConfigureNewHolidaysTest.launchBrowser(ConfigureNewHolidaysTest.java:32)
at com.hrm.qa.testcases.ConfigureNewHolidaysTest.launchBrowser(ConfigureNewHolidaysTest.java:32)
at com.hrm.qa.testcases.ConfigureNewHolidaysTest.launchBrowser(ConfigureNewHolidaysTest.java:32)
at com.hrm.qa.testcases.ConfigureNewHolidaysTest.launchBrowser(ConfigureNewHolidaysTest.java:32)
at com.hrm.qa.testcases.ConfigureNewHolidaysTest.launchBrowser(ConfigureNewHolidaysTest.java:32)
at com.hrm.qa.testcases.ConfigureNewHolidaysTest.launchBrowser(ConfigureNewHolidaysTest.java:32)
at com.hrm.qa.testcases.ConfigureNewHolidaysTest.launchBrowser(ConfigureNewHolidaysTest.java:32)
at com.hrm.qa.testcases.ConfigureNewHolidaysTest.launchBrowser(ConfigureNewHolidaysTest.java:32)
at com.hrm.qa.testcases.ConfigureNewHolidaysTest.launchBrowser(ConfigureNewHolidaysTest.java:32)
at com.hrm.qa.testcases.ConfigureNewHolidaysTest.launchBrowser(ConfigureNewHolidaysTest.java:32)
at com.hrm.qa.testcases.ConfigureNewHolidaysTest.launchBrowser(ConfigureNewHolidaysTest.java:32)
at com.hrm.qa.testcases.ConfigureNewHolidaysTest.launchBrowser(ConfigureNewHolidaysTest.java:32)
at com.hrm.qa.testcases.ConfigureNewHolidaysTest.launchBrowser(ConfigureNewHolidaysTest.java:32)
at com.hrm.qa.testcases.ConfigureNewHolidaysTest.launchBrowser(ConfigureNewHolidaysTest.java:32)
at com.hrm.qa.testcases.ConfigureNewHolidaysTest.launchBrowser(ConfigureNewHolidaysTest.java:32)
at com.hrm.qa.testcases.ConfigureNewHolidaysTest.launchBrowser(ConfigureNewHolidaysTest.java:32)
at com.hrm.qa.testcases.ConfigureNewHolidaysTest.launchBrowser(ConfigureNewHolidaysTest.java:32)
at com.hrm.qa.testcases.ConfigureNewHolidaysTest.launchBrowser(ConfigureNewHolidaysTest.java:32)
at com.hrm.qa.testcases.ConfigureNewHolidaysTest.launchBrowser(ConfigureNewHolidaysTest.java:32)
at com.hrm.qa.testcases.ConfigureNewHolidaysTest.launchBrowser(ConfigureNewHolidaysTest.java:32)
at com.hrm.qa.testcases.ConfigureNewHolidaysTest.launchBrowser(ConfigureNewHolidaysTest.java:32)
at com.hrm.qa.testcases.ConfigureNewHolidaysTest.launchBrowser(ConfigureNewHolidaysTest.java:32)
at com.hrm.qa.testcases.ConfigureNewHolidaysTest.launchBrowser(ConfigureNewHolidaysTest.java:32)
at com.hrm.qa.testcases.ConfigureNewHolidaysTest.launchBrowser(ConfigureNewHolidaysTest.java:32)
at com.hrm.qa.testcases.ConfigureNewHolidaysTest.launchBrowser(ConfigureNewHolidaysTest.java:32)
at com.hrm.qa.testcases.ConfigureNewHolidaysTest.launchBrowser(ConfigureNewHolidaysTest.java:32)
at com.hrm.qa.testcases.ConfigureNewHolidaysTest.launchBrowser(ConfigureNewHolidaysTest.java:32)
at com.hrm.qa.testcases.ConfigureNewHolidaysTest.launchBrowser(ConfigureNewHolidaysTest.java:32)
at com.hrm.qa.testcases.ConfigureNewHolidaysTest.launchBrowser(ConfigureNewHolidaysTest.java:32)
at com.hrm.qa.testcases.ConfigureNewHolidaysTest.launchBrowser(ConfigureNewHolidaysTest.java:32)
at com.hrm.qa.testcases.ConfigureNewHolidaysTest.launchBrowser(ConfigureNewHolidaysTest.java:32)
at com.hrm.qa.testcases.ConfigureNewHolidaysTest.launchBrowser(ConfigureNewHolidaysTest.java:32)
at com.hrm.qa.testcases.ConfigureNewHolidaysTest.launchBrowser(ConfigureNewHolidaysTest.java:32)
at com.hrm.qa.testcases.ConfigureNewHolidaysTest.launchBrowser(ConfigureNewHolidaysTest.java:32)
at com.hrm.qa.testcases.ConfigureNewHolidaysTest.launchBrowser(ConfigureNewHolidaysTest.java:32)
at com.hrm.qa.testcases.ConfigureNewHolidaysTest.launchBrowser(ConfigureNewHolidaysTest.java:32)
at com.hrm.qa.testcases.ConfigureNewHolidaysTest.launchBrowser(ConfigureNewHolidaysTest.java:32)
at com.hrm.qa.testcases.ConfigureNewHolidaysTest.launchBrowser(ConfigureNewHolidaysTest.java:32)
at com.hrm.qa.testcases.ConfigureNewHolidaysTest.launchBrowser(ConfigureNewHolidaysTest.java:32)
at com.hrm.qa.testcases.ConfigureNewHolidaysTest.launchBrowser(ConfigureNewHolidaysTest.java:32)
at com.hrm.qa.testcases.ConfigureNewHolidaysTest.launchBrowser(ConfigureNewHolidaysTest.java:32)
at com.hrm.qa.testcases.ConfigureNewHolidaysTest.launchBrowser(ConfigureNewHolidaysTest.java:32)
at com.hrm.qa.testcases.ConfigureNewHolidaysTest.launchBrowser(ConfigureNewHolidaysTest.java:32)
at com.hrm.qa.testcases.ConfigureNewHolidaysTest.launchBrowser(ConfigureNewHolidaysTest.java:32)
at com.hrm.qa.testcases.ConfigureNewHolidaysTest.launchBrowser(ConfigureNewHolidaysTest.java:32)
at com.hrm.qa.testcases.ConfigureNewHolidaysTest.launchBrowser(ConfigureNewHolidaysTest.java:32)
at com.hrm.qa.testcases.ConfigureNewHolidaysTest.launchBrowser(ConfigureNewHolidaysTest.java:32)
at com.hrm.qa.testcases.ConfigureNewHolidaysTest.launchBrowser(ConfigureNewHolidaysTest.java:32)
at com.hrm.qa.testcases.ConfigureNewHolidaysTest.launchBrowser(ConfigureNewHolidaysTest.java:32)
at com.hrm.qa.testcases.ConfigureNewHolidaysTest.launchBrowser(ConfigureNewHolidaysTest.java:32)
at com.hrm.qa.testcases.ConfigureNewHolidaysTest.launchBrowser(ConfigureNewHolidaysTest.java:32)
at com.hrm.qa.testcases.ConfigureNewHolidaysTest.launchBrowser(ConfigureNewHolidaysTest.java:32)
at com.hrm.qa.testcases.ConfigureNewHolidaysTest.launchBrowser(ConfigureNewHolidaysTest.java:32)
at com.hrm.qa.testcases.ConfigureNewHolidaysTest.launchBrowser(ConfigureNewHolidaysTest.java:32)
at com.hrm.qa.testcases.ConfigureNewHolidaysTest.launchBrowser(ConfigureNewHolidaysTest.java:32)
at com.hrm.qa.testcases.ConfigureNewHolidaysTest.launchBrowser(ConfigureNewHolidaysTest.java:32)
at com.hrm.qa.testcases.ConfigureNewHolidaysTest.launchBrowser(ConfigureNewHolidaysTest.java:32)
at com.hrm.qa.testcases.ConfigureNewHolidaysTest.launchBrowser(ConfigureNewHolidaysTest.java:32)
at com.hrm.qa.testcases.ConfigureNewHolidaysTest.launchBrowser(ConfigureNewHolidaysTest.java:32)
at com.hrm.qa.testcases.ConfigureNewHolidaysTest.launchBrowser(ConfigureNewHolidaysTest.java:32)
at com.hrm.qa.testcases.ConfigureNewHolidaysTest.launchBrowser(ConfigureNewHolidaysTest.java:32)
at com.hrm.qa.testcases.ConfigureNewHolidaysTest.launchBrowser(ConfigureNewHolidaysTest.java:32)
at com.hrm.qa.testcases.ConfigureNewHolidaysTest.launchBrowser(ConfigureNewHolidaysTest.java:32)
at com.hrm.qa.testcases.ConfigureNewHolidaysTest.launchBrowser(ConfigureNewHolidaysTest.java:32)
at com.hrm.qa.testcases.ConfigureNewHolidaysTest.launchBrowser(ConfigureNewHolidaysTest.java:32)
at com.hrm.qa.testcases.ConfigureNewHolidaysTest.launchBrowser(ConfigureNewHolidaysTest.java:32)
at com.hrm.qa.testcases.ConfigureNewHolidaysTest.launchBrowser(ConfigureNewHolidaysTest.java:32)
at com.hrm.qa.testcases.ConfigureNewHolidaysTest.launchBrowser(ConfigureNewHolidaysTest.java:32)
at com.hrm.qa.testcases.ConfigureNewHolidaysTest.launchBrowser(ConfigureNewHolidaysTest.java:32)
at com.hrm.qa.testcases.ConfigureNewHolidaysTest.launchBrowser(ConfigureNewHolidaysTest.java:32)
at com.hrm.qa.testcases.ConfigureNewHolidaysTest.launchBrowser(ConfigureNewHolidaysTest.java:32)
at com.hrm.qa.testcases.ConfigureNewHolidaysTest.launchBrowser(ConfigureNewHolidaysTest.java:32)
at com.hrm.qa.testcases.ConfigureNewHolidaysTest.launchBrowser(ConfigureNewHolidaysTest.java:32)
at com.hrm.qa.testcases.ConfigureNewHolidaysTest.launchBrowser(ConfigureNewHolidaysTest.java:32)
at com.hrm.qa.testcases.ConfigureNewHolidaysTest.launchBrowser(ConfigureNewHolidaysTest.java:32)
at com.hrm.qa.testcases.ConfigureNewHolidaysTest.launchBrowser(ConfigureNewHolidaysTest.java:32)
at com.hrm.qa.testcases.ConfigureNewHolidaysTest.launchBrowser(ConfigureNewHolidaysTest.java:32)
at com.hrm.qa.testcases.ConfigureNewHolidaysTest.launchBrowser(ConfigureNewHolidaysTest.java:32)
at com.hrm.qa.testcases.ConfigureNewHolidaysTest.launchBrowser(ConfigureNewHolidaysTest.java:32)
at com.hrm.qa.testcases.ConfigureNewHolidaysTest.launchBrowser(ConfigureNewHolidaysTest.java:32)
at com.hrm.qa.testcases.ConfigureNewHolidaysTest.launchBrowser(ConfigureNewHolidaysTest.java:32)
at com.hrm.qa.testcases.ConfigureNewHolidaysTest.launchBrowser(ConfigureNewHolidaysTest.java:32)
at com.hrm.qa.testcases.ConfigureNewHolidaysTest.launchBrowser(ConfigureNewHolidaysTest.java:32)
at com.hrm.qa.testcases.ConfigureNewHolidaysTest.launchBrowser(ConfigureNewHolidaysTest.java:32)
at com.hrm.qa.testcases.ConfigureNewHolidaysTest.launchBrowser(ConfigureNewHolidaysTest.java:32)
at com.hrm.qa.testcases.ConfigureNewHolidaysTest.launchBrowser(ConfigureNewHolidaysTest.java:32)
at com.hrm.qa.testcases.ConfigureNewHolidaysTest.launchBrowser(ConfigureNewHolidaysTest.java:32)
at com.hrm.qa.testcases.ConfigureNewHolidaysTest.launchBrowser(ConfigureNewHolidaysTest.java:32)
at com.hrm.qa.testcases.ConfigureNewHolidaysTest.launchBrowser(ConfigureNewHolidaysTest.java:32)
at com.hrm.qa.testcases.ConfigureNewHolidaysTest.launchBrowser(ConfigureNewHolidaysTest.java:32)
at com.hrm.qa.testcases.ConfigureNewHolidaysTest.launchBrowser(ConfigureNewHolidaysTest.java:32)
at com.hrm.qa.testcases.ConfigureNewHolidaysTest.launchBrowser(ConfigureNewHolidaysTest.java:32)
at com.hrm.qa.testcases.ConfigureNewHolidaysTest.launchBrowser(ConfigureNewHolidaysTest.java:32)
at com.hrm.qa.testcases.ConfigureNewHolidaysTest.launchBrowser(ConfigureNewHolidaysTest.java:32)
at com.hrm.qa.testcases.ConfigureNewHolidaysTest.launchBrowser(ConfigureNewHolidaysTest.java:32)
at com.hrm.qa.testcases.ConfigureNewHolidaysTest.launchBrowser(ConfigureNewHolidaysTest.java:32)
at com.hrm.qa.testcases.ConfigureNewHolidaysTest.launchBrowser(ConfigureNewHolidaysTest.java:32)
at com.hrm.qa.testcases.ConfigureNewHolidaysTest.launchBrowser(ConfigureNewHolidaysTest.java:32)
at com.hrm.qa.testcases.ConfigureNewHolidaysTest.launchBrowser(ConfigureNewHolidaysTest.java:32)
at com.hrm.qa.testcases.ConfigureNewHolidaysTest.launchBrowser(ConfigureNewHolidaysTest.java:32)
at com.hrm.qa.testcases.ConfigureNewHolidaysTest.launchBrowser(ConfigureNewHolidaysTest.java:32)
at com.hrm.qa.testcases.ConfigureNewHolidaysTest.launchBrowser(ConfigureNewHolidaysTest.java:32)
at com.hrm.qa.testcases.ConfigureNewHolidaysTest.launchBrowser(ConfigureNewHolidaysTest.java:32)
at com.hrm.qa.testcases.ConfigureNewHolidaysTest.launchBrowser(ConfigureNewHolidaysTest.java:32)
at com.hrm.qa.testcases.ConfigureNewHolidaysTest.launchBrowser(ConfigureNewHolidaysTest.java:32)
at com.hrm.qa.testcases.ConfigureNewHolidaysTest.launchBrowser(ConfigureNewHolidaysTest.java:32)
at com.hrm.qa.testcases.ConfigureNewHolidaysTest.launchBrowser(ConfigureNewHolidaysTest.java:32)
at com.hrm.qa.testcases.ConfigureNewHolidaysTest.launchBrowser(ConfigureNewHolidaysTest.java:32)
at com.hrm.qa.testcases.ConfigureNewHolidaysTest.launchBrowser(ConfigureNewHolidaysTest.java:32)
at com.hrm.qa.testcases.ConfigureNewHolidaysTest.launchBrowser(ConfigureNewHolidaysTest.java:32)
at com.hrm.qa.testcases.ConfigureNewHolidaysTest.launchBrowser(ConfigureNewHolidaysTest.java:32)
at com.hrm.qa.testcases.ConfigureNewHolidaysTest.launchBrowser(ConfigureNewHolidaysTest.java:32)
at com.hrm.qa.testcases.ConfigureNewHolidaysTest.launchBrowser(ConfigureNewHolidaysTest.java:32)
at com.hrm.qa.testcases.ConfigureNewHolidaysTest.launchBrowser(ConfigureNewHolidaysTest.java:32)
at com.hrm.qa.testcases.ConfigureNewHolidaysTest.launchBrowser(ConfigureNewHolidaysTest.java:32)
at com.hrm.qa.testcases.ConfigureNewHolidaysTest.launchBrowser(ConfigureNewHolidaysTest.java:32)
at com.hrm.qa.testcases.ConfigureNewHolidaysTest.launchBrowser(ConfigureNewHolidaysTest.java:32)
at com.hrm.qa.testcases.ConfigureNewHolidaysTest.launchBrowser(ConfigureNewHolidaysTest.java:32)
at com.hrm.qa.testcases.ConfigureNewHolidaysTest.launchBrowser(ConfigureNewHolidaysTest.java:32)
at com.hrm.qa.testcases.ConfigureNewHolidaysTest.launchBrowser(ConfigureNewHolidaysTest.java:32)
at com.hrm.qa.testcases.ConfigureNewHolidaysTest.launchBrowser(ConfigureNewHolidaysTest.java:32)
at com.hrm.qa.testcases.ConfigureNewHolidaysTest.launchBrowser(ConfigureNewHolidaysTest.java:32)
at com.hrm.qa.testcases.ConfigureNewHolidaysTest.launchBrowser(ConfigureNewHolidaysTest.java:32)
at com.hrm.qa.testcases.ConfigureNewHolidaysTest.launchBrowser(ConfigureNewHolidaysTest.java:32)
at com.hrm.qa.testcases.ConfigureNewHolidaysTest.launchBrowser(ConfigureNewHolidaysTest.java:32)
at com.hrm.qa.testcases.ConfigureNewHolidaysTest.launchBrowser(ConfigureNewHolidaysTest.java:32)
at com.hrm.qa.testcases.ConfigureNewHolidaysTest.launchBrowser(ConfigureNewHolidaysTest.java:32)
at com.hrm.qa.testcases.ConfigureNewHolidaysTest.launchBrowser(ConfigureNewHolidaysTest.java:32)
at com.hrm.qa.testcases.ConfigureNewHolidaysTest.launchBrowser(ConfigureNewHolidaysTest.java:32)
at com.hrm.qa.testcases.ConfigureNewHolidaysTest.launchBrowser(ConfigureNewHolidaysTest.java:32)
at com.hrm.qa.testcases.ConfigureNewHolidaysTest.launchBrowser(ConfigureNewHolidaysTest.java:32)
at com.hrm.qa.testcases.ConfigureNewHolidaysTest.launchBrowser(ConfigureNewHolidaysTest.java:32)
at com.hrm.qa.testcases.ConfigureNewHolidaysTest.launchBrowser(ConfigureNewHolidaysTest.java:32)
at com.hrm.qa.testcases.ConfigureNewHolidaysTest.launchBrowser(ConfigureNewHolidaysTest.java:32)
at com.hrm.qa.testcases.ConfigureNewHolidaysTest.launchBrowser(ConfigureNewHolidaysTest.java:32)
at com.hrm.qa.testcases.ConfigureNewHolidaysTest.launchBrowser(ConfigureNewHolidaysTest.java:32)
at com.hrm.qa.testcases.ConfigureNewHolidaysTest.launchBrowser(ConfigureNewHolidaysTest.java:32)
at com.hrm.qa.testcases.ConfigureNewHolidaysTest.launchBrowser(ConfigureNewHolidaysTest.java:32)
at com.hrm.qa.testcases.ConfigureNewHolidaysTest.launchBrowser(ConfigureNewHolidaysTest.java:32)
at com.hrm.qa.testcases.ConfigureNewHolidaysTest.launchBrowser(ConfigureNewHolidaysTest.java:32)
at com.hrm.qa.testcases.ConfigureNewHolidaysTest.launchBrowser(ConfigureNewHolidaysTest.java:32)
at com.hrm.qa.testcases.ConfigureNewHolidaysTest.launchBrowser(ConfigureNewHolidaysTest.java:32)
at com.hrm.qa.testcases.ConfigureNewHolidaysTest.launchBrowser(ConfigureNewHolidaysTest.java:32)
at com.hrm.qa.testcases.ConfigureNewHolidaysTest.launchBrowser(ConfigureNewHolidaysTest.java:32)
at com.hrm.qa.testcases.ConfigureNewHolidaysTest.launchBrowser(ConfigureNewHolidaysTest.java:32)
at com.hrm.qa.testcases.ConfigureNewHolidaysTest.launchBrowser(ConfigureNewHolidaysTest.java:32)
at com.hrm.qa.testcases.ConfigureNewHolidaysTest.launchBrowser(ConfigureNewHolidaysTest.java:32)
at com.hrm.qa.testcases.ConfigureNewHolidaysTest.launchBrowser(ConfigureNewHolidaysTest.java:32)
at com.hrm.qa.testcases.ConfigureNewHolidaysTest.launchBrowser(ConfigureNewHolidaysTest.java:32)
at com.hrm.qa.testcases.ConfigureNewHolidaysTest.launchBrowser(ConfigureNewHolidaysTest.java:32)
at com.hrm.qa.testcases.ConfigureNewHolidaysTest.launchBrowser(ConfigureNewHolidaysTest.java:32)
at com.hrm.qa.testcases.ConfigureNewHolidaysTest.launchBrowser(ConfigureNewHolidaysTest.java:32)
at com.hrm.qa.testcases.ConfigureNewHolidaysTest.launchBrowser(ConfigureNewHolidaysTest.java:32)
at com.hrm.qa.testcases.ConfigureNewHolidaysTest.launchBrowser(ConfigureNewHolidaysTest.java:32)
at com.hrm.qa.testcases.ConfigureNewHolidaysTest.launchBrowser(ConfigureNewHolidaysTest.java:32)
at com.hrm.qa.testcases.ConfigureNewHolidaysTest.launchBrowser(ConfigureNewHolidaysTest.java:32)
at com.hrm.qa.testcases.ConfigureNewHolidaysTest.launchBrowser(ConfigureNewHolidaysTest.java:32)
at com.hrm.qa.testcases.ConfigureNewHolidaysTest.launchBrowser(ConfigureNewHolidaysTest.java:32)
at com.hrm.qa.testcases.ConfigureNewHolidaysTest.launchBrowser(ConfigureNewHolidaysTest.java:32)
at com.hrm.qa.testcases.ConfigureNewHolidaysTest.launchBrowser(ConfigureNewHolidaysTest.java:32)
at com.hrm.qa.testcases.ConfigureNewHolidaysTest.launchBrowser(ConfigureNewHolidaysTest.java:32)
at com.hrm.qa.testcases.ConfigureNewHolidaysTest.launchBrowser(ConfigureNewHolidaysTest.java:32)
at com.hrm.qa.testcases.ConfigureNewHolidaysTest.launchBrowser(ConfigureNewHolidaysTest.java:32)
at com.hrm.qa.testcases.ConfigureNewHolidaysTest.launchBrowser(ConfigureNewHolidaysTest.java:32)
at com.hrm.qa.testcases.ConfigureNewHolidaysTest.launchBrowser(ConfigureNewHolidaysTest.java:32)
at com.hrm.qa.testcases.ConfigureNewHolidaysTest.launchBrowser(ConfigureNewHolidaysTest.java:32)
at com.hrm.qa.testcases.ConfigureNewHolidaysTest.launchBrowser(ConfigureNewHolidaysTest.java:32)
at com.hrm.qa.testcases.ConfigureNewHolidaysTest.launchBrowser(ConfigureNewHolidaysTest.java:32)
at com.hrm.qa.testcases.ConfigureNewHolidaysTest.launchBrowser(ConfigureNewHolidaysTest.java:32)
at com.hrm.qa.testcases.ConfigureNewHolidaysTest.launchBrowser(ConfigureNewHolidaysTest.java:32)
at com.hrm.qa.testcases.ConfigureNewHolidaysTest.launchBrowser(ConfigureNewHolidaysTest.java:32)
at com.hrm.qa.testcases.ConfigureNewHolidaysTest.launchBrowser(ConfigureNewHolidaysTest.java:32)
at com.hrm.qa.testcases.ConfigureNewHolidaysTest.launchBrowser(ConfigureNewHolidaysTest.java:32)
at com.hrm.qa.testcases.ConfigureNewHolidaysTest.launchBrowser(ConfigureNewHolidaysTest.java:32)
at com.hrm.qa.testcases.ConfigureNewHolidaysTest.launchBrowser(ConfigureNewHolidaysTest.java:32)
at com.hrm.qa.testcases.ConfigureNewHolidaysTest.launchBrowser(ConfigureNewHolidaysTest.java:32)
at com.hrm.qa.testcases.ConfigureNewHolidaysTest.launchBrowser(ConfigureNewHolidaysTest.java:32)
at com.hrm.qa.testcases.ConfigureNewHolidaysTest.launchBrowser(ConfigureNewHolidaysTest.java:32)
at com.hrm.qa.testcases.ConfigureNewHolidaysTest.launchBrowser(ConfigureNewHolidaysTest.java:32)
at com.hrm.qa.testcases.ConfigureNewHolidaysTest.launchBrowser(ConfigureNewHolidaysTest.java:32)
at com.hrm.qa.testcases.ConfigureNewHolidaysTest.launchBrowser(ConfigureNewHolidaysTest.java:32)
at com.hrm.qa.testcases.ConfigureNewHolidaysTest.launchBrowser(ConfigureNewHolidaysTest.java:32)
at com.hrm.qa.testcases.ConfigureNewHolidaysTest.launchBrowser(ConfigureNewHolidaysTest.java:32)
at com.hrm.qa.testcases.ConfigureNewHolidaysTest.launchBrowser(ConfigureNewHolidaysTest.java:32)
at com.hrm.qa.testcases.ConfigureNewHolidaysTest.launchBrowser(ConfigureNewHolidaysTest.java:32)
at com.hrm.qa.testcases.ConfigureNewHolidaysTest.launchBrowser(ConfigureNewHolidaysTest.java:32)
at com.hrm.qa.testcases.ConfigureNewHolidaysTest.launchBrowser(ConfigureNewHolidaysTest.java:32)
at com.hrm.qa.testcases.ConfigureNewHolidaysTest.launchBrowser(ConfigureNewHolidaysTest.java:32)
at com.hrm.qa.testcases.ConfigureNewHolidaysTest.launchBrowser(ConfigureNewHolidaysTest.java:32)
at com.hrm.qa.testcases.ConfigureNewHolidaysTest.launchBrowser(ConfigureNewHolidaysTest.java:32)
at com.hrm.qa.testcases.ConfigureNewHolidaysTest.launchBrowser(ConfigureNewHolidaysTest.java:32)
at com.hrm.qa.testcases.ConfigureNewHolidaysTest.launchBrowser(ConfigureNewHolidaysTest.java:32)
at com.hrm.qa.testcases.ConfigureNewHolidaysTest.launchBrowser(ConfigureNewHolidaysTest.java:32)
at com.hrm.qa.testcases.ConfigureNewHolidaysTest.launchBrowser(ConfigureNewHolidaysTest.java:32)
at com.hrm.qa.testcases.ConfigureNewHolidaysTest.launchBrowser(ConfigureNewHolidaysTest.java:32)
at com.hrm.qa.testcases.ConfigureNewHolidaysTest.launchBrowser(ConfigureNewHolidaysTest.java:32)
at com.hrm.qa.testcases.ConfigureNewHolidaysTest.launchBrowser(ConfigureNewHolidaysTest.java:32)
at com.hrm.qa.testcases.ConfigureNewHolidaysTest.launchBrowser(ConfigureNewHolidaysTest.java:32)
at com.hrm.qa.testcases.ConfigureNewHolidaysTest.launchBrowser(ConfigureNewHolidaysTest.java:32)
at com.hrm.qa.testcases.ConfigureNewHolidaysTest.launchBrowser(ConfigureNewHolidaysTest.java:32)
at com.hrm.qa.testcases.ConfigureNewHolidaysTest.launchBrowser(ConfigureNewHolidaysTest.java:32)
at com.hrm.qa.testcases.ConfigureNewHolidaysTest.launchBrowser(ConfigureNewHolidaysTest.java:32)
at com.hrm.qa.testcases.ConfigureNewHolidaysTest.launchBrowser(ConfigureNewHolidaysTest.java:32)
at com.hrm.qa.testcases.ConfigureNewHolidaysTest.launchBrowser(ConfigureNewHolidaysTest.java:32)
at com.hrm.qa.testcases.ConfigureNewHolidaysTest.launchBrowser(ConfigureNewHolidaysTest.java:32)
at com.hrm.qa.testcases.ConfigureNewHolidaysTest.launchBrowser(ConfigureNewHolidaysTest.java:32)
at com.hrm.qa.testcases.ConfigureNewHolidaysTest.launchBrowser(ConfigureNewHolidaysTest.java:32)
at com.hrm.qa.testcases.ConfigureNewHolidaysTest.launchBrowser(ConfigureNewHolidaysTest.java:32)
at com.hrm.qa.testcases.ConfigureNewHolidaysTest.launchBrowser(ConfigureNewHolidaysTest.java:32)
at com.hrm.qa.testcases.ConfigureNewHolidaysTest.launchBrowser(ConfigureNewHolidaysTest.java:32)
at com.hrm.qa.testcases.ConfigureNewHolidaysTest.launchBrowser(ConfigureNewHolidaysTest.java:32)
at com.hrm.qa.testcases.ConfigureNewHolidaysTest.launchBrowser(ConfigureNewHolidaysTest.java:32)
at com.hrm.qa.testcases.ConfigureNewHolidaysTest.launchBrowser(ConfigureNewHolidaysTest.java:32)
at com.hrm.qa.testcases.ConfigureNewHolidaysTest.launchBrowser(ConfigureNewHolidaysTest.java:32)
at com.hrm.qa.testcases.ConfigureNewHolidaysTest.launchBrowser(ConfigureNewHolidaysTest.java:32)
at com.hrm.qa.testcases.ConfigureNewHolidaysTest.launchBrowser(ConfigureNewHolidaysTest.java:32)
at com.hrm.qa.testcases.ConfigureNewHolidaysTest.launchBrowser(ConfigureNewHolidaysTest.java:32)
at com.hrm.qa.testcases.ConfigureNewHolidaysTest.launchBrowser(ConfigureNewHolidaysTest.java:32)
at com.hrm.qa.testcases.ConfigureNewHolidaysTest.launchBrowser(ConfigureNewHolidaysTest.java:32)
at com.hrm.qa.testcases.ConfigureNewHolidaysTest.launchBrowser(ConfigureNewHolidaysTest.java:32)
at com.hrm.qa.testcases.ConfigureNewHolidaysTest.launchBrowser(ConfigureNewHolidaysTest.java:32)
at com.hrm.qa.testcases.ConfigureNewHolidaysTest.launchBrowser(ConfigureNewHolidaysTest.java:32)
at com.hrm.qa.testcases.ConfigureNewHolidaysTest.launchBrowser(ConfigureNewHolidaysTest.java:32)
at com.hrm.qa.testcases.ConfigureNewHolidaysTest.launchBrowser(ConfigureNewHolidaysTest.java:32)
at com.hrm.qa.testcases.ConfigureNewHolidaysTest.launchBrowser(ConfigureNewHolidaysTest.java:32)
at com.hrm.qa.testcases.ConfigureNewHolidaysTest.launchBrowser(ConfigureNewHolidaysTest.java:32)
at com.hrm.qa.testcases.ConfigureNewHolidaysTest.launchBrowser(ConfigureNewHolidaysTest.java:32)
at com.hrm.qa.testcases.ConfigureNewHolidaysTest.launchBrowser(ConfigureNewHolidaysTest.java:32)
at com.hrm.qa.testcases.ConfigureNewHolidaysTest.launchBrowser(ConfigureNewHolidaysTest.java:32)
at com.hrm.qa.testcases.ConfigureNewHolidaysTest.launchBrowser(ConfigureNewHolidaysTest.java:32)
at com.hrm.qa.testcases.ConfigureNewHolidaysTest.launchBrowser(ConfigureNewHolidaysTest.java:32)
at com.hrm.qa.testcases.ConfigureNewHolidaysTest.launchBrowser(ConfigureNewHolidaysTest.java:32)
at com.hrm.qa.testcases.ConfigureNewHolidaysTest.launchBrowser(ConfigureNewHolidaysTest.java:32)
at com.hrm.qa.testcases.ConfigureNewHolidaysTest.launchBrowser(ConfigureNewHolidaysTest.java:32)
at com.hrm.qa.testcases.ConfigureNewHolidaysTest.launchBrowser(ConfigureNewHolidaysTest.java:32)
at com.hrm.qa.testcases.ConfigureNewHolidaysTest.launchBrowser(ConfigureNewHolidaysTest.java:32)
at com.hrm.qa.testcases.ConfigureNewHolidaysTest.launchBrowser(ConfigureNewHolidaysTest.java:32)
at com.hrm.qa.testcases.ConfigureNewHolidaysTest.launchBrowser(ConfigureNewHolidaysTest.java:32)
at com.hrm.qa.testcases.ConfigureNewHolidaysTest.launchBrowser(ConfigureNewHolidaysTest.java:32)
at com.hrm.qa.testcases.ConfigureNewHolidaysTest.launchBrowser(ConfigureNewHolidaysTest.java:32)
at com.hrm.qa.testcases.ConfigureNewHolidaysTest.launchBrowser(ConfigureNewHolidaysTest.java:32)
at com.hrm.qa.testcases.ConfigureNewHolidaysTest.launchBrowser(ConfigureNewHolidaysTest.java:32)
at com.hrm.qa.testcases.ConfigureNewHolidaysTest.launchBrowser(ConfigureNewHolidaysTest.java:32)
at com.hrm.qa.testcases.ConfigureNewHolidaysTest.launchBrowser(ConfigureNewHolidaysTest.java:32)
at com.hrm.qa.testcases.ConfigureNewHolidaysTest.launchBrowser(ConfigureNewHolidaysTest.java:32)
at com.hrm.qa.testcases.ConfigureNewHolidaysTest.launchBrowser(ConfigureNewHolidaysTest.java:32)
at com.hrm.qa.testcases.ConfigureNewHolidaysTest.launchBrowser(ConfigureNewHolidaysTest.java:32)
at com.hrm.qa.testcases.ConfigureNewHolidaysTest.launchBrowser(ConfigureNewHolidaysTest.java:32)
at com.hrm.qa.testcases.ConfigureNewHolidaysTest.launchBrowser(ConfigureNewHolidaysTest.java:32)
at com.hrm.qa.testcases.ConfigureNewHolidaysTest.launchBrowser(ConfigureNewHolidaysTest.java:32)
at com.hrm.qa.testcases.ConfigureNewHolidaysTest.launchBrowser(ConfigureNewHolidaysTest.java:32)
at com.hrm.qa.testcases.ConfigureNewHolidaysTest.launchBrowser(ConfigureNewHolidaysTest.java:32)
at com.hrm.qa.testcases.ConfigureNewHolidaysTest.launchBrowser(ConfigureNewHolidaysTest.java:32)
at com.hrm.qa.testcases.ConfigureNewHolidaysTest.launchBrowser(ConfigureNewHolidaysTest.java:32)
at com.hrm.qa.testcases.ConfigureNewHolidaysTest.launchBrowser(ConfigureNewHolidaysTest.java:32)
at com.hrm.qa.testcases.ConfigureNewHolidaysTest.launchBrowser(ConfigureNewHolidaysTest.java:32)
at com.hrm.qa.testcases.ConfigureNewHolidaysTest.launchBrowser(ConfigureNewHolidaysTest.java:32)
at com.hrm.qa.testcases.ConfigureNewHolidaysTest.launchBrowser(ConfigureNewHolidaysTest.java:32)
at com.hrm.qa.testcases.ConfigureNewHolidaysTest.launchBrowser(ConfigureNewHolidaysTest.java:32)
at com.hrm.qa.testcases.ConfigureNewHolidaysTest.launchBrowser(ConfigureNewHolidaysTest.java:32)
at com.hrm.qa.testcases.ConfigureNewHolidaysTest.launchBrowser(ConfigureNewHolidaysTest.java:32)
at com.hrm.qa.testcases.ConfigureNewHolidaysTest.launchBrowser(ConfigureNewHolidaysTest.java:32)
at com.hrm.qa.testcases.ConfigureNewHolidaysTest.launchBrowser(ConfigureNewHolidaysTest.java:32)
at com.hrm.qa.testcases.ConfigureNewHolidaysTest.launchBrowser(ConfigureNewHolidaysTest.java:32)
at com.hrm.qa.testcases.ConfigureNewHolidaysTest.launchBrowser(ConfigureNewHolidaysTest.java:32)
at com.hrm.qa.testcases.ConfigureNewHolidaysTest.launchBrowser(ConfigureNewHolidaysTest.java:32)
at com.hrm.qa.testcases.ConfigureNewHolidaysTest.launchBrowser(ConfigureNewHolidaysTest.java:32)
at com.hrm.qa.testcases.ConfigureNewHolidaysTest.launchBrowser(ConfigureNewHolidaysTest.java:32)
at com.hrm.qa.testcases.ConfigureNewHolidaysTest.launchBrowser(ConfigureNewHolidaysTest.java:32)
at com.hrm.qa.testcases.ConfigureNewHolidaysTest.launchBrowser(ConfigureNewHolidaysTest.java:32)
at com.hrm.qa.testcases.ConfigureNewHolidaysTest.launchBrowser(ConfigureNewHolidaysTest.java:32)
at com.hrm.qa.testcases.ConfigureNewHolidaysTest.launchBrowser(ConfigureNewHolidaysTest.java:32)
at com.hrm.qa.testcases.ConfigureNewHolidaysTest.launchBrowser(ConfigureNewHolidaysTest.java:32)
at com.hrm.qa.testcases.ConfigureNewHolidaysTest.launchBrowser(ConfigureNewHolidaysTest.java:32)
at com.hrm.qa.testcases.ConfigureNewHolidaysTest.launchBrowser(ConfigureNewHolidaysTest.java:32)
at com.hrm.qa.testcases.ConfigureNewHolidaysTest.launchBrowser(ConfigureNewHolidaysTest.java:32)
at com.hrm.qa.testcases.ConfigureNewHolidaysTest.launchBrowser(ConfigureNewHolidaysTest.java:32)
at com.hrm.qa.testcases.ConfigureNewHolidaysTest.launchBrowser(ConfigureNewHolidaysTest.java:32)
at com.hrm.qa.testcases.ConfigureNewHolidaysTest.launchBrowser(ConfigureNewHolidaysTest.java:32)
at com.hrm.qa.testcases.ConfigureNewHolidaysTest.launchBrowser(ConfigureNewHolidaysTest.java:32)
at com.hrm.qa.testcases.ConfigureNewHolidaysTest.launchBrowser(ConfigureNewHolidaysTest.java:32)
at com.hrm.qa.testcases.ConfigureNewHolidaysTest.launchBrowser(ConfigureNewHolidaysTest.java:32)
at com.hrm.qa.testcases.ConfigureNewHolidaysTest.launchBrowser(ConfigureNewHolidaysTest.java:32)
at com.hrm.qa.testcases.ConfigureNewHolidaysTest.launchBrowser(ConfigureNewHolidaysTest.java:32)
at com.hrm.qa.testcases.ConfigureNewHolidaysTest.launchBrowser(ConfigureNewHolidaysTest.java:32)
at com.hrm.qa.testcases.ConfigureNewHolidaysTest.launchBrowser(ConfigureNewHolidaysTest.java:32)
at com.hrm.qa.testcases.ConfigureNewHolidaysTest.launchBrowser(ConfigureNewHolidaysTest.java:32)
at com.hrm.qa.testcases.ConfigureNewHolidaysTest.launchBrowser(ConfigureNewHolidaysTest.java:32)
at com.hrm.qa.testcases.ConfigureNewHolidaysTest.launchBrowser(ConfigureNewHolidaysTest.java:32)
[...]
at com.hrm.qa.testcases.ConfigureNewHolidaysTest.launchBrowser(ConfigureNewHolidaysTest.java:32)
at com.hrm.qa.testcases.ConfigureNewHolidaysTest.launchBrowser(ConfigureNewHolidaysTest.java:32)
at com.hrm.qa.testcases.ConfigureNewHolidaysTest.launchBrowser(ConfigureNewHolidaysTest.java:32)
at com.hrm.qa.testcases.ConfigureNewHolidaysTest.launchBrowser(ConfigureNewHolidaysTest.java:32)
at com.hrm.qa.testcases.ConfigureNewHolidaysTest.launchBrowser(ConfigureNewHolidaysTest.java:32)
at com.hrm.qa.testcases.ConfigureNewHolidaysTest.launchBrowser(ConfigureNewHolidaysTest.java:32)
at com.hrm.qa.testcases.ConfigureNewHolidaysTest.launchBrowser(ConfigureNewHolidaysTest.java:32)
at com.hrm.qa.testcases.ConfigureNewHolidaysTest.launchBrowser(ConfigureNewHolidaysTest.java:32)
at com.hrm.qa.testcases.ConfigureNewHolidaysTest.launchBrowser(ConfigureNewHolidaysTest.java:32)
at com.hrm.qa.testcases.ConfigureNewHolidaysTest.launchBrowser(ConfigureNewHolidaysTest.java:32)
at com.hrm.qa.testcases.ConfigureNewHolidaysTest.launchBrowser(ConfigureNewHolidaysTest.java:32)
at com.hrm.qa.testcases.ConfigureNewHolidaysTest.launchBrowser(ConfigureNewHolidaysTest.java:32)
at com.hrm.qa.testcases.ConfigureNewHolidaysTest.launchBrowser(ConfigureNewHolidaysTest.java:32)
at com.hrm.qa.testcases.ConfigureNewHolidaysTest.launchBrowser(ConfigureNewHolidaysTest.java:32)
at com.hrm.qa.testcases.ConfigureNewHolidaysTest.launchBrowser(ConfigureNewHolidaysTest.java:32)
at com.hrm.qa.testcases.ConfigureNewHolidaysTest.launchBrowser(ConfigureNewHolidaysTest.java:32)
at com.hrm.qa.testcases.ConfigureNewHolidaysTest.launchBrowser(ConfigureNewHolidaysTest.java:32)
at com.hrm.qa.testcases.ConfigureNewHolidaysTest.launchBrowser(ConfigureNewHolidaysTest.java:32)
at com.hrm.qa.testcases.ConfigureNewHolidaysTest.launchBrowser(ConfigureNewHolidaysTest.java:32)
at com.hrm.qa.testcases.ConfigureNewHolidaysTest.launchBrowser(ConfigureNewHolidaysTest.java:32)
at com.hrm.qa.testcases.ConfigureNewHolidaysTest.launchBrowser(ConfigureNewHolidaysTest.java:32)
at com.hrm.qa.testcases.ConfigureNewHolidaysTest.launchBrowser(ConfigureNewHolidaysTest.java:32)
at com.hrm.qa.testcases.ConfigureNewHolidaysTest.launchBrowser(ConfigureNewHolidaysTest.java:32)
at com.hrm.qa.testcases.ConfigureNewHolidaysTest.launchBrowser(ConfigureNewHolidaysTest.java:32)
at com.hrm.qa.testcases.ConfigureNewHolidaysTest.launchBrowser(ConfigureNewHolidaysTest.java:32)
at com.hrm.qa.testcases.ConfigureNewHolidaysTest.launchBrowser(ConfigureNewHolidaysTest.java:32)
at com.hrm.qa.testcases.ConfigureNewHolidaysTest.launchBrowser(ConfigureNewHolidaysTest.java:32)
at com.hrm.qa.testcases.ConfigureNewHolidaysTest.launchBrowser(ConfigureNewHolidaysTest.java:32)
at com.hrm.qa.testcases.ConfigureNewHolidaysTest.launchBrowser(ConfigureNewHolidaysTest.java:32)
at com.hrm.qa.testcases.ConfigureNewHolidaysTest.launchBrowser(ConfigureNewHolidaysTest.java:32)
at com.hrm.qa.testcases.ConfigureNewHolidaysTest.launchBrowser(ConfigureNewHolidaysTest.java:32)
at com.hrm.qa.testcases.ConfigureNewHolidaysTest.launchBrowser(ConfigureNewHolidaysTest.java:32)
at com.hrm.qa.testcases.ConfigureNewHolidaysTest.launchBrowser(ConfigureNewHolidaysTest.java:32)
at com.hrm.qa.testcases.ConfigureNewHolidaysTest.launchBrowser(ConfigureNewHolidaysTest.java:32)
at com.hrm.qa.testcases.ConfigureNewHolidaysTest.launchBrowser(ConfigureNewHolidaysTest.java:32)
at com.hrm.qa.testcases.ConfigureNewHolidaysTest.launchBrowser(ConfigureNewHolidaysTest.java:32)
at com.hrm.qa.testcases.ConfigureNewHolidaysTest.launchBrowser(ConfigureNewHolidaysTest.java:32)
at com.hrm.qa.testcases.ConfigureNewHolidaysTest.launchBrowser(ConfigureNewHolidaysTest.java:32)
at com.hrm.qa.testcases.ConfigureNewHolidaysTest.launchBrowser(ConfigureNewHolidaysTest.java:32)
at com.hrm.qa.testcases.ConfigureNewHolidaysTest.launchBrowser(ConfigureNewHolidaysTest.java:32)
at com.hrm.qa.testcases.ConfigureNewHolidaysTest.launchBrowser(ConfigureNewHolidaysTest.java:32)
at com.hrm.qa.testcases.ConfigureNewHolidaysTest.launchBrowser(ConfigureNewHolidaysTest.java:32)
at com.hrm.qa.testcases.ConfigureNewHolidaysTest.launchBrowser(ConfigureNewHolidaysTest.java:32)
at com.hrm.qa.testcases.ConfigureNewHolidaysTest.launchBrowser(ConfigureNewHolidaysTest.java:32)
at com.hrm.qa.testcases.ConfigureNewHolidaysTest.launchBrowser(ConfigureNewHolidaysTest.java:32)
at com.hrm.qa.testcases.ConfigureNewHolidaysTest.launchBrowser(ConfigureNewHolidaysTest.java:32)
at com.hrm.qa.testcases.ConfigureNewHolidaysTest.launchBrowser(ConfigureNewHolidaysTest.java:32)
at com.hrm.qa.testcases.ConfigureNewHolidaysTest.launchBrowser(ConfigureNewHolidaysTest.java:32)
at com.hrm.qa.testcases.ConfigureNewHolidaysTest.launchBrowser(ConfigureNewHolidaysTest.java:32)
at com.hrm.qa.testcases.ConfigureNewHolidaysTest.launchBrowser(ConfigureNewHolidaysTest.java:32)
at com.hrm.qa.testcases.ConfigureNewHolidaysTest.launchBrowser(ConfigureNewHolidaysTest.java:32)
at com.hrm.qa.testcases.ConfigureNewHolidaysTest.launchBrowser(ConfigureNewHolidaysTest.java:32)
at com.hrm.qa.testcases.ConfigureNewHolidaysTest.launchBrowser(ConfigureNewHolidaysTest.java:32)
at com.hrm.qa.testcases.ConfigureNewHolidaysTest.launchBrowser(ConfigureNewHolidaysTest.java:32)
at com.hrm.qa.testcases.ConfigureNewHolidaysTest.launchBrowser(ConfigureNewHolidaysTest.java:32)
at com.hrm.qa.testcases.ConfigureNewHolidaysTest.launchBrowser(ConfigureNewHolidaysTest.java:32)
at com.hrm.qa.testcases.ConfigureNewHolidaysTest.launchBrowser(ConfigureNewHolidaysTest.java:32)
at com.hrm.qa.testcases.ConfigureNewHolidaysTest.launchBrowser(ConfigureNewHolidaysTest.java:32)
at com.hrm.qa.testcases.ConfigureNewHolidaysTest.launchBrowser(ConfigureNewHolidaysTest.java:32)
at com.hrm.qa.testcases.ConfigureNewHolidaysTest.launchBrowser(ConfigureNewHolidaysTest.java:32)
at com.hrm.qa.testcases.ConfigureNewHolidaysTest.launchBrowser(ConfigureNewHolidaysTest.java:32)
at com.hrm.qa.testcases.ConfigureNewHolidaysTest.launchBrowser(ConfigureNewHolidaysTest.java:32)
at com.hrm.qa.testcases.ConfigureNewHolidaysTest.launchBrowser(ConfigureNewHolidaysTest.java:32)
at com.hrm.qa.testcases.ConfigureNewHolidaysTest.launchBrowser(ConfigureNewHolidaysTest.java:32)
at com.hrm.qa.testcases.ConfigureNewHolidaysTest.launchBrowser(ConfigureNewHolidaysTest.java:32)
at com.hrm.qa.testcases.ConfigureNewHolidaysTest.launchBrowser(ConfigureNewHolidaysTest.java:32)
at com.hrm.qa.testcases.ConfigureNewHolidaysTest.launchBrowser(ConfigureNewHolidaysTest.java:32)
at com.hrm.qa.testcases.ConfigureNewHolidaysTest.launchBrowser(ConfigureNewHolidaysTest.java:32)
at com.hrm.qa.testcases.ConfigureNewHolidaysTest.launchBrowser(ConfigureNewHolidaysTest.java:32)
at com.hrm.qa.testcases.ConfigureNewHolidaysTest.launchBrowser(ConfigureNewHolidaysTest.java:32)
at com.hrm.qa.testcases.ConfigureNewHolidaysTest.launchBrowser(ConfigureNewHolidaysTest.java:32)
at com.hrm.qa.testcases.ConfigureNewHolidaysTest.launchBrowser(ConfigureNewHolidaysTest.java:32)
at com.hrm.qa.testcases.ConfigureNewHolidaysTest.launchBrowser(ConfigureNewHolidaysTest.java:32)
at com.hrm.qa.testcases.ConfigureNewHolidaysTest.launchBrowser(ConfigureNewHolidaysTest.java:32)
at com.hrm.qa.testcases.ConfigureNewHolidaysTest.launchBrowser(ConfigureNewHolidaysTest.java:32)
at com.hrm.qa.testcases.ConfigureNewHolidaysTest.launchBrowser(ConfigureNewHolidaysTest.java:32)
at com.hrm.qa.testcases.ConfigureNewHolidaysTest.launchBrowser(ConfigureNewHolidaysTest.java:32)
at com.hrm.qa.testcases.ConfigureNewHolidaysTest.launchBrowser(ConfigureNewHolidaysTest.java:32)
at com.hrm.qa.testcases.ConfigureNewHolidaysTest.launchBrowser(ConfigureNewHolidaysTest.java:32)
at com.hrm.qa.testcases.ConfigureNewHolidaysTest.launchBrowser(ConfigureNewHolidaysTest.java:32)
at com.hrm.qa.testcases.ConfigureNewHolidaysTest.launchBrowser(ConfigureNewHolidaysTest.java:32)
at com.hrm.qa.testcases.ConfigureNewHolidaysTest.launchBrowser(ConfigureNewHolidaysTest.java:32)
at com.hrm.qa.testcases.ConfigureNewHolidaysTest.launchBrowser(ConfigureNewHolidaysTest.java:32)
at com.hrm.qa.testcases.ConfigureNewHolidaysTest.launchBrowser(ConfigureNewHolidaysTest.java:32)
at com.hrm.qa.testcases.ConfigureNewHolidaysTest.launchBrowser(ConfigureNewHolidaysTest.java:32)
at com.hrm.qa.testcases.ConfigureNewHolidaysTest.launchBrowser(ConfigureNewHolidaysTest.java:32)
at com.hrm.qa.testcases.ConfigureNewHolidaysTest.launchBrowser(ConfigureNewHolidaysTest.java:32)
at com.hrm.qa.testcases.ConfigureNewHolidaysTest.launchBrowser(ConfigureNewHolidaysTest.java:32)
at com.hrm.qa.testcases.ConfigureNewHolidaysTest.launchBrowser(ConfigureNewHolidaysTest.java:32)
at com.hrm.qa.testcases.ConfigureNewHolidaysTest.launchBrowser(ConfigureNewHolidaysTest.java:32)
at com.hrm.qa.testcases.ConfigureNewHolidaysTest.launchBrowser(ConfigureNewHolidaysTest.java:32)
at com.hrm.qa.testcases.ConfigureNewHolidaysTest.launchBrowser(ConfigureNewHolidaysTest.java:32)
at com.hrm.qa.testcases.ConfigureNewHolidaysTest.launchBrowser(ConfigureNewHolidaysTest.java:32)
at com.hrm.qa.testcases.ConfigureNewHolidaysTest.launchBrowser(ConfigureNewHolidaysTest.java:32)
at com.hrm.qa.testcases.ConfigureNewHolidaysTest.launchBrowser(ConfigureNewHolidaysTest.java:32)
at com.hrm.qa.testcases.ConfigureNewHolidaysTest.launchBrowser(ConfigureNewHolidaysTest.java:32)
at com.hrm.qa.testcases.ConfigureNewHolidaysTest.launchBrowser(ConfigureNewHolidaysTest.java:32)
at com.hrm.qa.testcases.ConfigureNewHolidaysTest.launchBrowser(ConfigureNewHolidaysTest.java:32)
at com.hrm.qa.testcases.ConfigureNewHolidaysTest.launchBrowser(ConfigureNewHolidaysTest.java:32)
at com.hrm.qa.testcases.ConfigureNewHolidaysTest.launchBrowser(ConfigureNewHolidaysTest.java:32)
at com.hrm.qa.testcases.ConfigureNewHolidaysTest.launchBrowser(ConfigureNewHolidaysTest.java:32)
at com.hrm.qa.testcases.ConfigureNewHolidaysTest.launchBrowser(ConfigureNewHolidaysTest.java:32)
at com.hrm.qa.testcases.ConfigureNewHolidaysTest.launchBrowser(ConfigureNewHolidaysTest.java:32)
at com.hrm.qa.testcases.ConfigureNewHolidaysTest.launchBrowser(ConfigureNewHolidaysTest.java:32)
at com.hrm.qa.testcases.ConfigureNewHolidaysTest.launchBrowser(ConfigureNewHolidaysTest.java:32)
at com.hrm.qa.testcases.ConfigureNewHolidaysTest.launchBrowser(ConfigureNewHolidaysTest.java:32)
at com.hrm.qa.testcases.ConfigureNewHolidaysTest.launchBrowser(ConfigureNewHolidaysTest.java:32)
at com.hrm.qa.testcases.ConfigureNewHolidaysTest.launchBrowser(ConfigureNewHolidaysTest.java:32)
at com.hrm.qa.testcases.ConfigureNewHolidaysTest.launchBrowser(ConfigureNewHolidaysTest.java:32)
at com.hrm.qa.testcases.ConfigureNewHolidaysTest.launchBrowser(ConfigureNewHolidaysTest.java:32)
at com.hrm.qa.testcases.ConfigureNewHolidaysTest.launchBrowser(ConfigureNewHolidaysTest.java:32)
at com.hrm.qa.testcases.ConfigureNewHolidaysTest.launchBrowser(ConfigureNewHolidaysTest.java:32)
at com.hrm.qa.testcases.ConfigureNewHolidaysTest.launchBrowser(ConfigureNewHolidaysTest.java:32)
at com.hrm.qa.testcases.ConfigureNewHolidaysTest.launchBrowser(ConfigureNewHolidaysTest.java:32)
at com.hrm.qa.testcases.ConfigureNewHolidaysTest.launchBrowser(ConfigureNewHolidaysTest.java:32)
at com.hrm.qa.testcases.ConfigureNewHolidaysTest.launchBrowser(ConfigureNewHolidaysTest.java:32)
at com.hrm.qa.testcases.ConfigureNewHolidaysTest.launchBrowser(ConfigureNewHolidaysTest.java:32)
at com.hrm.qa.testcases.ConfigureNewHolidaysTest.launchBrowser(ConfigureNewHolidaysTest.java:32)
at com.hrm.qa.testcases.ConfigureNewHolidaysTest.launchBrowser(ConfigureNewHolidaysTest.java:32)
at com.hrm.qa.testcases.ConfigureNewHolidaysTest.launchBrowser(ConfigureNewHolidaysTest.java:32)
at com.hrm.qa.testcases.ConfigureNewHolidaysTest.launchBrowser(ConfigureNewHolidaysTest.java:32)
at com.hrm.qa.testcases.ConfigureNewHolidaysTest.launchBrowser(ConfigureNewHolidaysTest.java:32)
at com.hrm.qa.testcases.ConfigureNewHolidaysTest.launchBrowser(ConfigureNewHolidaysTest.java:32)
at com.hrm.qa.testcases.ConfigureNewHolidaysTest.launchBrowser(ConfigureNewHolidaysTest.java:32)
at com.hrm.qa.testcases.ConfigureNewHolidaysTest.launchBrowser(ConfigureNewHolidaysTest.java:32)
at com.hrm.qa.testcases.ConfigureNewHolidaysTest.launchBrowser(ConfigureNewHolidaysTest.java:32)
at com.hrm.qa.testcases.ConfigureNewHolidaysTest.launchBrowser(ConfigureNewHolidaysTest.java:32)
at com.hrm.qa.testcases.ConfigureNewHolidaysTest.launchBrowser(ConfigureNewHolidaysTest.java:32)
at com.hrm.qa.testcases.ConfigureNewHolidaysTest.launchBrowser(ConfigureNewHolidaysTest.java:32)
at com.hrm.qa.testcases.ConfigureNewHolidaysTest.launchBrowser(ConfigureNewHolidaysTest.java:32)
at com.hrm.qa.testcases.ConfigureNewHolidaysTest.launchBrowser(ConfigureNewHolidaysTest.java:32)
at com.hrm.qa.testcases.ConfigureNewHolidaysTest.launchBrowser(ConfigureNewHolidaysTest.java:32)
at com.hrm.qa.testcases.ConfigureNewHolidaysTest.launchBrowser(ConfigureNewHolidaysTest.java:32)
at com.hrm.qa.testcases.ConfigureNewHolidaysTest.launchBrowser(ConfigureNewHolidaysTest.java:32)
at com.hrm.qa.testcases.ConfigureNewHolidaysTest.launchBrowser(ConfigureNewHolidaysTest.java:32)
at com.hrm.qa.testcases.ConfigureNewHolidaysTest.launchBrowser(ConfigureNewHolidaysTest.java:32)
at com.hrm.qa.testcases.ConfigureNewHolidaysTest.launchBrowser(ConfigureNewHolidaysTest.java:32)
at com.hrm.qa.testcases.ConfigureNewHolidaysTest.launchBrowser(ConfigureNewHolidaysTest.java:32)
at com.hrm.qa.testcases.ConfigureNewHolidaysTest.launchBrowser(ConfigureNewHolidaysTest.java:32)
at com.hrm.qa.testcases.ConfigureNewHolidaysTest.launchBrowser(ConfigureNewHolidaysTest.java:32)
at com.hrm.qa.testcases.ConfigureNewHolidaysTest.launchBrowser(ConfigureNewHolidaysTest.java:32)
at com.hrm.qa.testcases.ConfigureNewHolidaysTest.launchBrowser(ConfigureNewHolidaysTest.java:32)
at com.hrm.qa.testcases.ConfigureNewHolidaysTest.launchBrowser(ConfigureNewHolidaysTest.java:32)
at com.hrm.qa.testcases.ConfigureNewHolidaysTest.launchBrowser(ConfigureNewHolidaysTest.java:32)
at com.hrm.qa.testcases.ConfigureNewHolidaysTest.launchBrowser(ConfigureNewHolidaysTest.java:32)
at com.hrm.qa.testcases.ConfigureNewHolidaysTest.launchBrowser(ConfigureNewHolidaysTest.java:32)
at com.hrm.qa.testcases.ConfigureNewHolidaysTest.launchBrowser(ConfigureNewHolidaysTest.java:32)
at com.hrm.qa.testcases.ConfigureNewHolidaysTest.launchBrowser(ConfigureNewHolidaysTest.java:32)
at com.hrm.qa.testcases.ConfigureNewHolidaysTest.launchBrowser(ConfigureNewHolidaysTest.java:32)
at com.hrm.qa.testcases.ConfigureNewHolidaysTest.launchBrowser(ConfigureNewHolidaysTest.java:32)
at com.hrm.qa.testcases.ConfigureNewHolidaysTest.launchBrowser(ConfigureNewHolidaysTest.java:32)
at com.hrm.qa.testcases.ConfigureNewHolidaysTest.launchBrowser(ConfigureNewHolidaysTest.java:32)
at com.hrm.qa.testcases.ConfigureNewHolidaysTest.launchBrowser(ConfigureNewHolidaysTest.java:32)
at com.hrm.qa.testcases.ConfigureNewHolidaysTest.launchBrowser(ConfigureNewHolidaysTest.java:32)
at com.hrm.qa.testcases.ConfigureNewHolidaysTest.launchBrowser(ConfigureNewHolidaysTest.java:32)
at com.hrm.qa.testcases.ConfigureNewHolidaysTest.launchBrowser(ConfigureNewHolidaysTest.java:32)
at com.hrm.qa.testcases.ConfigureNewHolidaysTest.launchBrowser(ConfigureNewHolidaysTest.java:32)
at com.hrm.qa.testcases.ConfigureNewHolidaysTest.launchBrowser(ConfigureNewHolidaysTest.java:32)
at com.hrm.qa.testcases.ConfigureNewHolidaysTest.launchBrowser(ConfigureNewHolidaysTest.java:32)
at com.hrm.qa.testcases.ConfigureNewHolidaysTest.launchBrowser(ConfigureNewHolidaysTest.java:32)
at com.hrm.qa.testcases.ConfigureNewHolidaysTest.launchBrowser(ConfigureNewHolidaysTest.java:32)
at com.hrm.qa.testcases.ConfigureNewHolidaysTest.launchBrowser(ConfigureNewHolidaysTest.java:32)
at com.hrm.qa.testcases.ConfigureNewHolidaysTest.launchBrowser(ConfigureNewHolidaysTest.java:32)
at com.hrm.qa.testcases.ConfigureNewHolidaysTest.launchBrowser(ConfigureNewHolidaysTest.java:32)
at com.hrm.qa.testcases.ConfigureNewHolidaysTest.launchBrowser(ConfigureNewHolidaysTest.java:32)
at com.hrm.qa.testcases.ConfigureNewHolidaysTest.launchBrowser(ConfigureNewHolidaysTest.java:32)
at com.hrm.qa.testcases.ConfigureNewHolidaysTest.launchBrowser(ConfigureNewHolidaysTest.java:32)
at com.hrm.qa.testcases.ConfigureNewHolidaysTest.launchBrowser(ConfigureNewHolidaysTest.java:32)
at com.hrm.qa.testcases.ConfigureNewHolidaysTest.launchBrowser(ConfigureNewHolidaysTest.java:32)
at com.hrm.qa.testcases.ConfigureNewHolidaysTest.launchBrowser(ConfigureNewHolidaysTest.java:32)
at com.hrm.qa.testcases.ConfigureNewHolidaysTest.launchBrowser(ConfigureNewHolidaysTest.java:32)
at com.hrm.qa.testcases.ConfigureNewHolidaysTest.launchBrowser(ConfigureNewHolidaysTest.java:32)
at com.hrm.qa.testcases.ConfigureNewHolidaysTest.launchBrowser(ConfigureNewHolidaysTest.java:32)
at com.hrm.qa.testcases.ConfigureNewHolidaysTest.launchBrowser(ConfigureNewHolidaysTest.java:32)
at com.hrm.qa.testcases.ConfigureNewHolidaysTest.launchBrowser(ConfigureNewHolidaysTest.java:32)
at com.hrm.qa.testcases.ConfigureNewHolidaysTest.launchBrowser(ConfigureNewHolidaysTest.java:32)
at com.hrm.qa.testcases.ConfigureNewHolidaysTest.launchBrowser(ConfigureNewHolidaysTest.java:32)
at com.hrm.qa.testcases.ConfigureNewHolidaysTest.launchBrowser(ConfigureNewHolidaysTest.java:32)
at com.hrm.qa.testcases.ConfigureNewHolidaysTest.launchBrowser(ConfigureNewHolidaysTest.java:32)
at com.hrm.qa.testcases.ConfigureNewHolidaysTest.launchBrowser(ConfigureNewHolidaysTest.java:32)
at com.hrm.qa.testcases.ConfigureNewHolidaysTest.launchBrowser(ConfigureNewHolidaysTest.java:32)
at com.hrm.qa.testcases.ConfigureNewHolidaysTest.launchBrowser(ConfigureNewHolidaysTest.java:32)
at com.hrm.qa.testcases.ConfigureNewHolidaysTest.launchBrowser(ConfigureNewHolidaysTest.java:32)
at com.hrm.qa.testcases.ConfigureNewHolidaysTest.launchBrowser(ConfigureNewHolidaysTest.java:32)
at com.hrm.qa.testcases.ConfigureNewHolidaysTest.launchBrowser(ConfigureNewHolidaysTest.java:32)
at com.hrm.qa.testcases.ConfigureNewHolidaysTest.launchBrowser(ConfigureNewHolidaysTest.java:32)
at com.hrm.qa.testcases.ConfigureNewHolidaysTest.launchBrowser(ConfigureNewHolidaysTest.java:32)
at com.hrm.qa.testcases.ConfigureNewHolidaysTest.launchBrowser(ConfigureNewHolidaysTest.java:32)
at com.hrm.qa.testcases.ConfigureNewHolidaysTest.launchBrowser(ConfigureNewHolidaysTest.java:32)
at com.hrm.qa.testcases.ConfigureNewHolidaysTest.launchBrowser(ConfigureNewHolidaysTest.java:32)
at com.hrm.qa.testcases.ConfigureNewHolidaysTest.launchBrowser(ConfigureNewHolidaysTest.java:32)
at com.hrm.qa.testcases.ConfigureNewHolidaysTest.launchBrowser(ConfigureNewHolidaysTest.java:32)
at com.hrm.qa.testcases.ConfigureNewHolidaysTest.launchBrowser(ConfigureNewHolidaysTest.java:32)
at com.hrm.qa.testcases.ConfigureNewHolidaysTest.launchBrowser(ConfigureNewHolidaysTest.java:32)
at com.hrm.qa.testcases.ConfigureNewHolidaysTest.launchBrowser(ConfigureNewHolidaysTest.java:32)
at com.hrm.qa.testcases.ConfigureNewHolidaysTest.launchBrowser(ConfigureNewHolidaysTest.java:32)
at com.hrm.qa.testcases.ConfigureNewHolidaysTest.launchBrowser(ConfigureNewHolidaysTest.java:32)
at com.hrm.qa.testcases.ConfigureNewHolidaysTest.launchBrowser(ConfigureNewHolidaysTest.java:32)
]]>
    </error>
  </testcase> <!-- launchBrowser -->
  <system-out/>
  <testcase name="verifyCreateNewHolidayInTable" time="0.000" classname="com.hrm.qa.testcases.ConfigureNewHolidaysTest">
    <skipped/>
  </testcase> <!-- verifyCreateNewHolidayInTable -->
  <system-out/>
  <testcase name="verifyEditHoiliday" time="0.000" classname="com.hrm.qa.testcases.ConfigureNewHolidaysTest">
    <skipped/>
  </testcase> <!-- verifyEditHoiliday -->
  <system-out/>
  <testcase name="verifyDeleteHolidayCreated" time="0.000" classname="com.hrm.qa.testcases.ConfigureNewHolidaysTest">
    <skipped/>
  </testcase> <!-- verifyDeleteHolidayCreated -->
  <system-out/>
</testsuite> <!-- com.hrm.qa.testcases.ConfigureNewHolidaysTest -->
